<?xml version="1.0" encoding="UTF-8"?>
<coverage generated="1743116106784" clover="3.2.0">
  <project timestamp="1743116106784" name="All files">
    <metrics statements="537" coveredstatements="522" conditionals="90" coveredconditionals="80" methods="20" coveredmethods="19" elements="647" coveredelements="621" complexity="0" loc="537" ncloc="537" packages="9" files="16" classes="16"/>
    <package name="app">
      <metrics statements="0" coveredstatements="0" conditionals="1" coveredconditionals="1" methods="1" coveredmethods="1"/>
      <file name="types.ts" path="/Users/kurtisyoung/Repos/react-task-manager/app/types.ts">
        <metrics statements="0" coveredstatements="0" conditionals="1" coveredconditionals="1" methods="1" coveredmethods="1"/>
      </file>
    </package>
    <package name="app.components.Button">
      <metrics statements="30" coveredstatements="30" conditionals="3" coveredconditionals="3" methods="1" coveredmethods="1"/>
      <file name="Button.css.ts" path="/Users/kurtisyoung/Repos/react-task-manager/app/components/Button/Button.css.ts">
        <metrics statements="2" coveredstatements="2" conditionals="0" coveredconditionals="0" methods="0" coveredmethods="0"/>
        <line num="1" count="1" type="stmt"/>
        <line num="3" count="1" type="stmt"/>
      </file>
      <file name="index.tsx" path="/Users/kurtisyoung/Repos/react-task-manager/app/components/Button/index.tsx">
        <metrics statements="28" coveredstatements="28" conditionals="3" coveredconditionals="3" methods="1" coveredmethods="1"/>
        <line num="1" count="1" type="stmt"/>
        <line num="2" count="1" type="stmt"/>
        <line num="21" count="1" type="cond" truecount="1" falsecount="0"/>
        <line num="22" count="86" type="stmt"/>
        <line num="23" count="86" type="stmt"/>
        <line num="24" count="86" type="stmt"/>
        <line num="25" count="86" type="stmt"/>
        <line num="26" count="86" type="stmt"/>
        <line num="27" count="86" type="stmt"/>
        <line num="28" count="86" type="stmt"/>
        <line num="29" count="86" type="stmt"/>
        <line num="31" count="86" type="cond" truecount="1" falsecount="0"/>
        <line num="32" count="19" type="stmt"/>
        <line num="33" count="19" type="stmt"/>
        <line num="34" count="19" type="stmt"/>
        <line num="35" count="19" type="stmt"/>
        <line num="36" count="19" type="stmt"/>
        <line num="37" count="19" type="stmt"/>
        <line num="40" count="19" type="cond" truecount="1" falsecount="0"/>
        <line num="42" count="67" type="stmt"/>
        <line num="43" count="67" type="stmt"/>
        <line num="44" count="67" type="stmt"/>
        <line num="45" count="67" type="stmt"/>
        <line num="46" count="67" type="stmt"/>
        <line num="48" count="67" type="stmt"/>
        <line num="49" count="67" type="stmt"/>
        <line num="51" count="67" type="stmt"/>
        <line num="53" count="1" type="stmt"/>
      </file>
    </package>
    <package name="app.components.Header">
      <metrics statements="23" coveredstatements="23" conditionals="3" coveredconditionals="3" methods="1" coveredmethods="1"/>
      <file name="Header.css.ts" path="/Users/kurtisyoung/Repos/react-task-manager/app/components/Header/Header.css.ts">
        <metrics statements="4" coveredstatements="4" conditionals="0" coveredconditionals="0" methods="0" coveredmethods="0"/>
        <line num="1" count="1" type="stmt"/>
        <line num="2" count="1" type="stmt"/>
        <line num="3" count="1" type="stmt"/>
        <line num="4" count="1" type="stmt"/>
      </file>
      <file name="index.tsx" path="/Users/kurtisyoung/Repos/react-task-manager/app/components/Header/index.tsx">
        <metrics statements="19" coveredstatements="19" conditionals="3" coveredconditionals="3" methods="1" coveredmethods="1"/>
        <line num="1" count="1" type="stmt"/>
        <line num="5" count="4" type="cond" truecount="1" falsecount="0"/>
        <line num="6" count="4" type="stmt"/>
        <line num="7" count="4" type="stmt"/>
        <line num="8" count="4" type="stmt"/>
        <line num="9" count="4" type="stmt"/>
        <line num="10" count="4" type="stmt"/>
        <line num="11" count="4" type="stmt"/>
        <line num="12" count="4" type="stmt"/>
        <line num="14" count="4" type="stmt"/>
        <line num="15" count="4" type="stmt"/>
        <line num="17" count="4" type="stmt"/>
        <line num="18" count="4" type="cond" truecount="1" falsecount="0"/>
        <line num="19" count="1" type="stmt"/>
        <line num="21" count="1" type="cond" truecount="1" falsecount="0"/>
        <line num="23" count="3" type="stmt"/>
        <line num="25" count="4" type="stmt"/>
        <line num="26" count="4" type="stmt"/>
        <line num="28" count="4" type="stmt"/>
      </file>
    </package>
    <package name="app.components.InputGroup">
      <metrics statements="42" coveredstatements="42" conditionals="4" coveredconditionals="2" methods="1" coveredmethods="1"/>
      <file name="InputGroup.css.ts" path="/Users/kurtisyoung/Repos/react-task-manager/app/components/InputGroup/InputGroup.css.ts">
        <metrics statements="6" coveredstatements="6" conditionals="0" coveredconditionals="0" methods="0" coveredmethods="0"/>
        <line num="1" count="1" type="stmt"/>
        <line num="2" count="1" type="stmt"/>
        <line num="3" count="1" type="stmt"/>
        <line num="4" count="1" type="stmt"/>
        <line num="5" count="1" type="stmt"/>
        <line num="6" count="1" type="stmt"/>
      </file>
      <file name="index.tsx" path="/Users/kurtisyoung/Repos/react-task-manager/app/components/InputGroup/index.tsx">
        <metrics statements="36" coveredstatements="36" conditionals="4" coveredconditionals="2" methods="1" coveredmethods="1"/>
        <line num="1" count="1" type="stmt"/>
        <line num="18" count="44" type="cond" truecount="1" falsecount="0"/>
        <line num="19" count="44" type="stmt"/>
        <line num="20" count="44" type="stmt"/>
        <line num="21" count="44" type="stmt"/>
        <line num="22" count="44" type="stmt"/>
        <line num="23" count="44" type="stmt"/>
        <line num="24" count="44" type="stmt"/>
        <line num="25" count="44" type="stmt"/>
        <line num="26" count="44" type="stmt"/>
        <line num="27" count="44" type="stmt"/>
        <line num="28" count="44" type="stmt"/>
        <line num="29" count="44" type="stmt"/>
        <line num="30" count="44" type="stmt"/>
        <line num="31" count="44" type="stmt"/>
        <line num="32" count="44" type="stmt"/>
        <line num="33" count="44" type="stmt"/>
        <line num="34" count="44" type="cond" truecount="1" falsecount="0"/>
        <line num="35" count="27" type="stmt"/>
        <line num="36" count="27" type="stmt"/>
        <line num="37" count="27" type="stmt"/>
        <line num="39" count="44" type="stmt"/>
        <line num="40" count="44" type="stmt"/>
        <line num="41" count="44" type="cond" truecount="0" falsecount="1"/>
        <line num="42" count="44" type="stmt"/>
        <line num="43" count="44" type="stmt"/>
        <line num="44" count="44" type="stmt"/>
        <line num="45" count="44" type="stmt"/>
        <line num="46" count="44" type="stmt"/>
        <line num="47" count="44" type="stmt"/>
        <line num="48" count="44" type="stmt"/>
        <line num="49" count="44" type="stmt"/>
        <line num="50" count="44" type="stmt"/>
        <line num="52" count="44" type="cond" truecount="0" falsecount="1"/>
        <line num="53" count="44" type="stmt"/>
        <line num="55" count="44" type="stmt"/>
      </file>
    </package>
    <package name="app.components.TaskCard">
      <metrics statements="68" coveredstatements="63" conditionals="5" coveredconditionals="5" methods="1" coveredmethods="1"/>
      <file name="TaskCard.css.ts" path="/Users/kurtisyoung/Repos/react-task-manager/app/components/TaskCard/TaskCard.css.ts">
        <metrics statements="8" coveredstatements="8" conditionals="0" coveredconditionals="0" methods="0" coveredmethods="0"/>
        <line num="1" count="1" type="stmt"/>
        <line num="2" count="1" type="stmt"/>
        <line num="3" count="1" type="stmt"/>
        <line num="4" count="1" type="stmt"/>
        <line num="5" count="1" type="stmt"/>
        <line num="6" count="1" type="stmt"/>
        <line num="7" count="1" type="stmt"/>
        <line num="8" count="1" type="stmt"/>
      </file>
      <file name="index.tsx" path="/Users/kurtisyoung/Repos/react-task-manager/app/components/TaskCard/index.tsx">
        <metrics statements="60" coveredstatements="55" conditionals="5" coveredconditionals="5" methods="1" coveredmethods="1"/>
        <line num="1" count="1" type="stmt"/>
        <line num="2" count="1" type="stmt"/>
        <line num="4" count="1" type="stmt"/>
        <line num="12" count="18" type="cond" truecount="1" falsecount="0"/>
        <line num="13" count="18" type="stmt"/>
        <line num="14" count="18" type="stmt"/>
        <line num="15" count="0" type="stmt"/>
        <line num="16" count="0" type="stmt"/>
        <line num="17" count="0" type="stmt"/>
        <line num="18" count="0" type="stmt"/>
        <line num="19" count="0" type="stmt"/>
        <line num="20" count="18" type="stmt"/>
        <line num="21" count="18" type="stmt"/>
        <line num="23" count="18" type="cond" truecount="1" falsecount="0"/>
        <line num="24" count="2" type="stmt"/>
        <line num="25" count="18" type="stmt"/>
        <line num="27" count="18" type="stmt"/>
        <line num="28" count="18" type="cond" truecount="1" falsecount="0"/>
        <line num="29" count="1" type="stmt"/>
        <line num="30" count="1" type="stmt"/>
        <line num="31" count="1" type="stmt"/>
        <line num="32" count="18" type="stmt"/>
        <line num="33" count="18" type="stmt"/>
        <line num="35" count="18" type="stmt"/>
        <line num="36" count="18" type="stmt"/>
        <line num="37" count="18" type="stmt"/>
        <line num="38" count="18" type="stmt"/>
        <line num="39" count="18" type="stmt"/>
        <line num="40" count="18" type="stmt"/>
        <line num="41" count="18" type="stmt"/>
        <line num="42" count="18" type="stmt"/>
        <line num="44" count="18" type="stmt"/>
        <line num="45" count="18" type="stmt"/>
        <line num="46" count="18" type="stmt"/>
        <line num="47" count="18" type="stmt"/>
        <line num="48" count="18" type="stmt"/>
        <line num="49" count="18" type="stmt"/>
        <line num="50" count="18" type="stmt"/>
        <line num="51" count="18" type="stmt"/>
        <line num="52" count="18" type="cond" truecount="2" falsecount="0"/>
        <line num="53" count="18" type="stmt"/>
        <line num="55" count="18" type="stmt"/>
        <line num="56" count="18" type="stmt"/>
        <line num="57" count="18" type="stmt"/>
        <line num="58" count="18" type="stmt"/>
        <line num="59" count="18" type="stmt"/>
        <line num="60" count="18" type="stmt"/>
        <line num="61" count="18" type="stmt"/>
        <line num="62" count="18" type="stmt"/>
        <line num="63" count="18" type="stmt"/>
        <line num="64" count="18" type="stmt"/>
        <line num="65" count="18" type="stmt"/>
        <line num="66" count="18" type="stmt"/>
        <line num="67" count="18" type="stmt"/>
        <line num="68" count="18" type="stmt"/>
        <line num="69" count="18" type="stmt"/>
        <line num="72" count="18" type="stmt"/>
        <line num="73" count="18" type="stmt"/>
        <line num="75" count="18" type="stmt"/>
        <line num="77" count="1" type="stmt"/>
      </file>
    </package>
    <package name="app.context">
      <metrics statements="139" coveredstatements="137" conditionals="45" coveredconditionals="43" methods="4" coveredmethods="4"/>
      <file name="AuthContext.tsx" path="/Users/kurtisyoung/Repos/react-task-manager/app/context/AuthContext.tsx">
        <metrics statements="57" coveredstatements="56" conditionals="16" coveredconditionals="15" methods="2" coveredmethods="2"/>
        <line num="1" count="1" type="stmt"/>
        <line num="18" count="1" type="stmt"/>
        <line num="24" count="1" type="cond" truecount="1" falsecount="0"/>
        <line num="25" count="9" type="cond" truecount="1" falsecount="0"/>
        <line num="27" count="7" type="stmt"/>
        <line num="28" count="7" type="cond" truecount="0" falsecount="1"/>
        <line num="29" count="0" type="stmt"/>
        <line num="30" count="9" type="stmt"/>
        <line num="32" count="9" type="cond" truecount="1" falsecount="0"/>
        <line num="33" count="7" type="stmt"/>
        <line num="34" count="7" type="cond" truecount="1" falsecount="0"/>
        <line num="35" count="3" type="stmt"/>
        <line num="36" count="3" type="stmt"/>
        <line num="37" count="9" type="stmt"/>
        <line num="39" count="9" type="cond" truecount="1" falsecount="0"/>
        <line num="41" count="3" type="cond" truecount="2" falsecount="0"/>
        <line num="42" count="2" type="stmt"/>
        <line num="44" count="2" type="cond" truecount="1" falsecount="0"/>
        <line num="45" count="1" type="stmt"/>
        <line num="46" count="1" type="stmt"/>
        <line num="47" count="1" type="stmt"/>
        <line num="48" count="1" type="stmt"/>
        <line num="49" count="1" type="stmt"/>
        <line num="50" count="1" type="stmt"/>
        <line num="51" count="1" type="stmt"/>
        <line num="52" count="3" type="cond" truecount="1" falsecount="0"/>
        <line num="53" count="1" type="stmt"/>
        <line num="54" count="1" type="stmt"/>
        <line num="55" count="9" type="stmt"/>
        <line num="57" count="9" type="cond" truecount="1" falsecount="0"/>
        <line num="58" count="2" type="stmt"/>
        <line num="60" count="2" type="cond" truecount="1" falsecount="0"/>
        <line num="61" count="1" type="stmt"/>
        <line num="62" count="1" type="stmt"/>
        <line num="63" count="1" type="stmt"/>
        <line num="64" count="1" type="stmt"/>
        <line num="65" count="1" type="stmt"/>
        <line num="66" count="1" type="stmt"/>
        <line num="67" count="1" type="stmt"/>
        <line num="68" count="9" type="stmt"/>
        <line num="71" count="9" type="stmt"/>
        <line num="72" count="9" type="cond" truecount="1" falsecount="0"/>
        <line num="73" count="9" type="stmt"/>
        <line num="74" count="9" type="stmt"/>
        <line num="75" count="9" type="stmt"/>
        <line num="76" count="9" type="stmt"/>
        <line num="77" count="9" type="stmt"/>
        <line num="78" count="9" type="stmt"/>
        <line num="80" count="9" type="stmt"/>
        <line num="81" count="9" type="stmt"/>
        <line num="83" count="1" type="cond" truecount="1" falsecount="0"/>
        <line num="84" count="12" type="stmt"/>
        <line num="85" count="12" type="cond" truecount="1" falsecount="0"/>
        <line num="86" count="2" type="stmt"/>
        <line num="87" count="2" type="cond" truecount="1" falsecount="0"/>
        <line num="88" count="9" type="stmt"/>
        <line num="89" count="9" type="stmt"/>
      </file>
      <file name="TaskContext.tsx" path="/Users/kurtisyoung/Repos/react-task-manager/app/context/TaskContext.tsx">
        <metrics statements="82" coveredstatements="81" conditionals="29" coveredconditionals="28" methods="2" coveredmethods="2"/>
        <line num="1" count="1" type="stmt"/>
        <line num="21" count="1" type="stmt"/>
        <line num="27" count="1" type="cond" truecount="1" falsecount="0"/>
        <line num="28" count="12" type="cond" truecount="1" falsecount="0"/>
        <line num="30" count="9" type="stmt"/>
        <line num="31" count="9" type="stmt"/>
        <line num="32" count="9" type="cond" truecount="0" falsecount="1"/>
        <line num="33" count="0" type="stmt"/>
        <line num="34" count="9" type="cond" truecount="2" falsecount="0"/>
        <line num="35" count="12" type="stmt"/>
        <line num="37" count="12" type="cond" truecount="1" falsecount="0"/>
        <line num="39" count="12" type="stmt"/>
        <line num="40" count="12" type="stmt"/>
        <line num="42" count="12" type="cond" truecount="1" falsecount="0"/>
        <line num="43" count="2" type="stmt"/>
        <line num="46" count="2" type="cond" truecount="1" falsecount="0"/>
        <line num="47" count="1" type="stmt"/>
        <line num="48" count="1" type="stmt"/>
        <line num="49" count="1" type="stmt"/>
        <line num="50" count="1" type="stmt"/>
        <line num="51" count="1" type="stmt"/>
        <line num="52" count="1" type="stmt"/>
        <line num="53" count="1" type="cond" truecount="1" falsecount="0"/>
        <line num="54" count="1" type="stmt"/>
        <line num="55" count="1" type="stmt"/>
        <line num="56" count="1" type="stmt"/>
        <line num="57" count="1" type="stmt"/>
        <line num="58" count="12" type="stmt"/>
        <line num="60" count="12" type="cond" truecount="1" falsecount="0"/>
        <line num="61" count="2" type="stmt"/>
        <line num="64" count="2" type="cond" truecount="1" falsecount="0"/>
        <line num="65" count="1" type="cond" truecount="1" falsecount="0"/>
        <line num="66" count="1" type="cond" truecount="1" falsecount="0"/>
        <line num="67" count="2" type="cond" truecount="2" falsecount="0"/>
        <line num="68" count="1" type="stmt"/>
        <line num="69" count="1" type="stmt"/>
        <line num="70" count="1" type="stmt"/>
        <line num="71" count="1" type="stmt"/>
        <line num="72" count="1" type="stmt"/>
        <line num="73" count="1" type="stmt"/>
        <line num="74" count="12" type="stmt"/>
        <line num="76" count="12" type="cond" truecount="1" falsecount="0"/>
        <line num="77" count="2" type="stmt"/>
        <line num="80" count="2" type="cond" truecount="1" falsecount="0"/>
        <line num="81" count="1" type="cond" truecount="2" falsecount="0"/>
        <line num="82" count="1" type="stmt"/>
        <line num="83" count="1" type="stmt"/>
        <line num="84" count="1" type="stmt"/>
        <line num="85" count="1" type="stmt"/>
        <line num="86" count="12" type="stmt"/>
        <line num="88" count="12" type="stmt"/>
        <line num="89" count="12" type="cond" truecount="1" falsecount="0"/>
        <line num="90" count="15" type="stmt"/>
        <line num="91" count="15" type="cond" truecount="1" falsecount="0"/>
        <line num="92" count="1" type="cond" truecount="1" falsecount="0"/>
        <line num="93" count="15" type="cond" truecount="1" falsecount="0"/>
        <line num="94" count="1" type="cond" truecount="1" falsecount="0"/>
        <line num="95" count="15" type="cond" truecount="1" falsecount="0"/>
        <line num="96" count="13" type="stmt"/>
        <line num="97" count="15" type="stmt"/>
        <line num="98" count="15" type="stmt"/>
        <line num="99" count="12" type="stmt"/>
        <line num="100" count="12" type="stmt"/>
        <line num="103" count="12" type="stmt"/>
        <line num="104" count="12" type="cond" truecount="1" falsecount="0"/>
        <line num="105" count="12" type="stmt"/>
        <line num="106" count="12" type="stmt"/>
        <line num="107" count="12" type="stmt"/>
        <line num="108" count="12" type="stmt"/>
        <line num="109" count="12" type="stmt"/>
        <line num="110" count="12" type="stmt"/>
        <line num="111" count="12" type="stmt"/>
        <line num="112" count="12" type="stmt"/>
        <line num="114" count="12" type="stmt"/>
        <line num="115" count="12" type="stmt"/>
        <line num="117" count="1" type="cond" truecount="1" falsecount="0"/>
        <line num="118" count="18" type="stmt"/>
        <line num="119" count="18" type="cond" truecount="1" falsecount="0"/>
        <line num="120" count="2" type="stmt"/>
        <line num="121" count="2" type="cond" truecount="1" falsecount="0"/>
        <line num="122" count="15" type="stmt"/>
        <line num="123" count="15" type="stmt"/>
      </file>
    </package>
    <package name="app.routes.home">
      <metrics statements="84" coveredstatements="84" conditionals="9" coveredconditionals="6" methods="3" coveredmethods="3"/>
      <file name="Home.css.ts" path="/Users/kurtisyoung/Repos/react-task-manager/app/routes/home/Home.css.ts">
        <metrics statements="3" coveredstatements="3" conditionals="0" coveredconditionals="0" methods="0" coveredmethods="0"/>
        <line num="1" count="1" type="stmt"/>
        <line num="2" count="1" type="stmt"/>
        <line num="3" count="1" type="stmt"/>
      </file>
      <file name="index.tsx" path="/Users/kurtisyoung/Repos/react-task-manager/app/routes/home/index.tsx">
        <metrics statements="81" coveredstatements="81" conditionals="9" coveredconditionals="6" methods="3" coveredmethods="3"/>
        <line num="1" count="1" type="stmt"/>
        <line num="15" count="1" type="cond" truecount="1" falsecount="0"/>
        <line num="16" count="1" type="stmt"/>
        <line num="17" count="1" type="stmt"/>
        <line num="18" count="1" type="stmt"/>
        <line num="19" count="1" type="stmt"/>
        <line num="20" count="1" type="stmt"/>
        <line num="21" count="1" type="stmt"/>
        <line num="22" count="1" type="stmt"/>
        <line num="24" count="1" type="stmt"/>
        <line num="26" count="6" type="cond" truecount="1" falsecount="0"/>
        <line num="27" count="6" type="stmt"/>
        <line num="28" count="6" type="stmt"/>
        <line num="29" count="6" type="stmt"/>
        <line num="30" count="6" type="stmt"/>
        <line num="31" count="6" type="stmt"/>
        <line num="32" count="6" type="stmt"/>
        <line num="33" count="6" type="stmt"/>
        <line num="34" count="6" type="stmt"/>
        <line num="35" count="6" type="stmt"/>
        <line num="37" count="6" type="cond" truecount="1" falsecount="0"/>
        <line num="38" count="4" type="cond" truecount="1" falsecount="0"/>
        <line num="39" count="1" type="stmt"/>
        <line num="40" count="1" type="stmt"/>
        <line num="41" count="6" type="stmt"/>
        <line num="43" count="6" type="cond" truecount="1" falsecount="0"/>
        <line num="44" count="2" type="stmt"/>
        <line num="45" count="2" type="stmt"/>
        <line num="47" count="2" type="stmt"/>
        <line num="49" count="2" type="stmt"/>
        <line num="50" count="2" type="cond" truecount="1" falsecount="0"/>
        <line num="51" count="1" type="stmt"/>
        <line num="52" count="1" type="stmt"/>
        <line num="53" count="1" type="stmt"/>
        <line num="54" count="2" type="stmt"/>
        <line num="55" count="2" type="stmt"/>
        <line num="56" count="2" type="stmt"/>
        <line num="57" count="2" type="stmt"/>
        <line num="59" count="6" type="stmt"/>
        <line num="60" count="6" type="stmt"/>
        <line num="61" count="6" type="stmt"/>
        <line num="62" count="6" type="stmt"/>
        <line num="65" count="6" type="stmt"/>
        <line num="67" count="6" type="stmt"/>
        <line num="68" count="6" type="stmt"/>
        <line num="69" count="6" type="stmt"/>
        <line num="70" count="6" type="stmt"/>
        <line num="71" count="6" type="stmt"/>
        <line num="72" count="6" type="stmt"/>
        <line num="73" count="6" type="stmt"/>
        <line num="74" count="6" type="stmt"/>
        <line num="75" count="6" type="stmt"/>
        <line num="76" count="6" type="stmt"/>
        <line num="77" count="6" type="stmt"/>
        <line num="78" count="6" type="stmt"/>
        <line num="79" count="6" type="stmt"/>
        <line num="80" count="6" type="cond" truecount="0" falsecount="1"/>
        <line num="81" count="6" type="stmt"/>
        <line num="83" count="6" type="stmt"/>
        <line num="84" count="6" type="stmt"/>
        <line num="85" count="6" type="stmt"/>
        <line num="86" count="6" type="stmt"/>
        <line num="87" count="6" type="stmt"/>
        <line num="88" count="6" type="stmt"/>
        <line num="89" count="6" type="stmt"/>
        <line num="90" count="6" type="stmt"/>
        <line num="91" count="6" type="stmt"/>
        <line num="92" count="6" type="stmt"/>
        <line num="93" count="6" type="cond" truecount="0" falsecount="1"/>
        <line num="94" count="6" type="stmt"/>
        <line num="96" count="6" type="stmt"/>
        <line num="97" count="6" type="stmt"/>
        <line num="98" count="6" type="stmt"/>
        <line num="99" count="6" type="stmt"/>
        <line num="100" count="6" type="stmt"/>
        <line num="101" count="6" type="stmt"/>
        <line num="103" count="6" type="cond" truecount="0" falsecount="1"/>
        <line num="104" count="6" type="stmt"/>
        <line num="105" count="6" type="stmt"/>
        <line num="106" count="6" type="stmt"/>
        <line num="108" count="6" type="stmt"/>
      </file>
    </package>
    <package name="app.routes.tasks">
      <metrics statements="130" coveredstatements="122" conditionals="14" coveredconditionals="11" methods="6" coveredmethods="5"/>
      <file name="Tasks.css.ts" path="/Users/kurtisyoung/Repos/react-task-manager/app/routes/tasks/Tasks.css.ts">
        <metrics statements="4" coveredstatements="4" conditionals="0" coveredconditionals="0" methods="0" coveredmethods="0"/>
        <line num="1" count="1" type="stmt"/>
        <line num="2" count="1" type="stmt"/>
        <line num="3" count="1" type="stmt"/>
        <line num="4" count="1" type="stmt"/>
      </file>
      <file name="index.tsx" path="/Users/kurtisyoung/Repos/react-task-manager/app/routes/tasks/index.tsx">
        <metrics statements="126" coveredstatements="118" conditionals="14" coveredconditionals="11" methods="6" coveredmethods="5"/>
        <line num="1" count="1" type="stmt"/>
        <line num="17" count="1" type="stmt"/>
        <line num="18" count="0" type="stmt"/>
        <line num="19" count="0" type="stmt"/>
        <line num="20" count="0" type="stmt"/>
        <line num="21" count="0" type="stmt"/>
        <line num="22" count="0" type="stmt"/>
        <line num="23" count="0" type="stmt"/>
        <line num="24" count="0" type="stmt"/>
        <line num="26" count="0" type="stmt"/>
        <line num="28" count="13" type="cond" truecount="1" falsecount="0"/>
        <line num="29" count="13" type="stmt"/>
        <line num="30" count="13" type="stmt"/>
        <line num="31" count="13" type="stmt"/>
        <line num="32" count="13" type="stmt"/>
        <line num="33" count="13" type="stmt"/>
        <line num="34" count="13" type="stmt"/>
        <line num="35" count="13" type="stmt"/>
        <line num="36" count="13" type="stmt"/>
        <line num="37" count="13" type="stmt"/>
        <line num="38" count="13" type="stmt"/>
        <line num="39" count="13" type="stmt"/>
        <line num="41" count="13" type="cond" truecount="1" falsecount="0"/>
        <line num="42" count="8" type="cond" truecount="1" falsecount="0"/>
        <line num="43" count="1" type="stmt"/>
        <line num="44" count="1" type="stmt"/>
        <line num="45" count="13" type="stmt"/>
        <line num="47" count="13" type="cond" truecount="1" falsecount="0"/>
        <line num="48" count="2" type="stmt"/>
        <line num="49" count="2" type="stmt"/>
        <line num="50" count="2" type="cond" truecount="1" falsecount="0"/>
        <line num="51" count="1" type="stmt"/>
        <line num="52" count="1" type="stmt"/>
        <line num="53" count="1" type="stmt"/>
        <line num="54" count="2" type="stmt"/>
        <line num="55" count="2" type="stmt"/>
        <line num="56" count="2" type="stmt"/>
        <line num="57" count="2" type="stmt"/>
        <line num="59" count="13" type="stmt"/>
        <line num="61" count="13" type="stmt"/>
        <line num="62" count="13" type="stmt"/>
        <line num="63" count="13" type="stmt"/>
        <line num="64" count="13" type="stmt"/>
        <line num="65" count="13" type="stmt"/>
        <line num="66" count="13" type="stmt"/>
        <line num="67" count="13" type="stmt"/>
        <line num="68" count="13" type="stmt"/>
        <line num="70" count="13" type="stmt"/>
        <line num="71" count="13" type="stmt"/>
        <line num="72" count="13" type="stmt"/>
        <line num="73" count="13" type="stmt"/>
        <line num="74" count="13" type="stmt"/>
        <line num="75" count="13" type="cond" truecount="0" falsecount="1"/>
        <line num="76" count="13" type="stmt"/>
        <line num="77" count="13" type="stmt"/>
        <line num="78" count="13" type="stmt"/>
        <line num="79" count="13" type="stmt"/>
        <line num="80" count="13" type="stmt"/>
        <line num="81" count="13" type="stmt"/>
        <line num="82" count="13" type="stmt"/>
        <line num="84" count="13" type="stmt"/>
        <line num="85" count="13" type="stmt"/>
        <line num="86" count="13" type="stmt"/>
        <line num="87" count="13" type="stmt"/>
        <line num="88" count="13" type="stmt"/>
        <line num="89" count="13" type="cond" truecount="0" falsecount="1"/>
        <line num="90" count="13" type="stmt"/>
        <line num="91" count="13" type="stmt"/>
        <line num="92" count="13" type="stmt"/>
        <line num="93" count="13" type="stmt"/>
        <line num="94" count="13" type="stmt"/>
        <line num="95" count="13" type="stmt"/>
        <line num="96" count="13" type="stmt"/>
        <line num="98" count="13" type="stmt"/>
        <line num="99" count="13" type="stmt"/>
        <line num="100" count="13" type="stmt"/>
        <line num="101" count="13" type="stmt"/>
        <line num="102" count="13" type="stmt"/>
        <line num="103" count="13" type="stmt"/>
        <line num="105" count="13" type="cond" truecount="0" falsecount="1"/>
        <line num="106" count="13" type="stmt"/>
        <line num="107" count="13" type="stmt"/>
        <line num="108" count="13" type="stmt"/>
        <line num="110" count="13" type="stmt"/>
        <line num="111" count="13" type="stmt"/>
        <line num="112" count="13" type="stmt"/>
        <line num="113" count="13" type="stmt"/>
        <line num="114" count="13" type="stmt"/>
        <line num="116" count="13" type="stmt"/>
        <line num="117" count="13" type="stmt"/>
        <line num="118" count="13" type="stmt"/>
        <line num="119" count="13" type="cond" truecount="1" falsecount="0"/>
        <line num="120" count="13" type="stmt"/>
        <line num="123" count="13" type="stmt"/>
        <line num="124" count="13" type="stmt"/>
        <line num="125" count="13" type="stmt"/>
        <line num="126" count="13" type="stmt"/>
        <line num="127" count="13" type="cond" truecount="1" falsecount="0"/>
        <line num="128" count="13" type="stmt"/>
        <line num="131" count="13" type="stmt"/>
        <line num="132" count="13" type="stmt"/>
        <line num="133" count="13" type="stmt"/>
        <line num="134" count="13" type="stmt"/>
        <line num="135" count="13" type="cond" truecount="1" falsecount="0"/>
        <line num="136" count="13" type="stmt"/>
        <line num="139" count="13" type="stmt"/>
        <line num="140" count="13" type="stmt"/>
        <line num="141" count="13" type="stmt"/>
        <line num="143" count="13" type="stmt"/>
        <line num="144" count="13" type="stmt"/>
        <line num="145" count="13" type="stmt"/>
        <line num="146" count="13" type="stmt"/>
        <line num="147" count="13" type="stmt"/>
        <line num="149" count="13" type="cond" truecount="1" falsecount="0"/>
        <line num="150" count="1" type="cond" truecount="1" falsecount="0"/>
        <line num="152" count="12" type="cond" truecount="1" falsecount="0"/>
        <line num="153" count="24" type="stmt"/>
        <line num="154" count="24" type="stmt"/>
        <line num="155" count="24" type="stmt"/>
        <line num="156" count="24" type="stmt"/>
        <line num="157" count="24" type="stmt"/>
        <line num="159" count="12" type="stmt"/>
        <line num="161" count="13" type="stmt"/>
        <line num="162" count="13" type="stmt"/>
        <line num="163" count="13" type="stmt"/>
        <line num="165" count="13" type="stmt"/>
      </file>
    </package>
    <package name="app.utils">
      <metrics statements="21" coveredstatements="21" conditionals="6" coveredconditionals="6" methods="2" coveredmethods="2"/>
      <file name="simulateApiCall.ts" path="/Users/kurtisyoung/Repos/react-task-manager/app/utils/simulateApiCall.ts">
        <metrics statements="21" coveredstatements="21" conditionals="6" coveredconditionals="6" methods="2" coveredmethods="2"/>
        <line num="1" count="1" type="stmt"/>
        <line num="2" count="1" type="stmt"/>
        <line num="4" count="1" type="cond" truecount="1" falsecount="0"/>
        <line num="5" count="15" type="stmt"/>
        <line num="6" count="15" type="cond" truecount="1" falsecount="0"/>
        <line num="7" count="2" type="stmt"/>
        <line num="8" count="2" type="stmt"/>
        <line num="9" count="2" type="stmt"/>
        <line num="10" count="2" type="stmt"/>
        <line num="11" count="2" type="stmt"/>
        <line num="12" count="2" type="cond" truecount="1" falsecount="0"/>
        <line num="13" count="13" type="stmt"/>
        <line num="14" count="13" type="cond" truecount="1" falsecount="0"/>
        <line num="15" count="13" type="cond" truecount="1" falsecount="0"/>
        <line num="16" count="13" type="stmt"/>
        <line num="17" count="13" type="stmt"/>
        <line num="18" count="13" type="stmt"/>
        <line num="19" count="13" type="stmt"/>
        <line num="22" count="1" type="cond" truecount="1" falsecount="0"/>
        <line num="23" count="6" type="stmt"/>
        <line num="24" count="6" type="stmt"/>
      </file>
    </package>
  </project>
</coverage>
