{"/Users/kurtisyoung/Repos/react-task-manager/app/types.ts": {"path":"/Users/kurtisyoung/Repos/react-task-manager/app/types.ts","all":true,"statementMap":{},"s":{},"branchMap":{"0":{"type":"branch","line":1,"loc":{"start":{"line":1,"column":97},"end":{"line":6,"column":1}},"locations":[{"start":{"line":1,"column":97},"end":{"line":6,"column":1}}]}},"b":{"0":[1]},"fnMap":{"0":{"name":"(empty-report)","decl":{"start":{"line":1,"column":97},"end":{"line":6,"column":1}},"loc":{"start":{"line":1,"column":97},"end":{"line":6,"column":1}},"line":1}},"f":{"0":1}}
,"/Users/kurtisyoung/Repos/react-task-manager/app/components/Button/Button.css.ts": {"path":"/Users/kurtisyoung/Repos/react-task-manager/app/components/Button/Button.css.ts","all":false,"statementMap":{"0":{"start":{"line":1,"column":0},"end":{"line":1,"column":58}},"2":{"start":{"line":3,"column":0},"end":{"line":3,"column":288}}},"s":{"0":1,"2":1},"branchMap":{},"b":{},"fnMap":{},"f":{}}
,"/Users/kurtisyoung/Repos/react-task-manager/app/components/Button/index.tsx": {"path":"/Users/kurtisyoung/Repos/react-task-manager/app/components/Button/index.tsx","all":false,"statementMap":{"0":{"start":{"line":1,"column":0},"end":{"line":1,"column":38}},"6":{"start":{"line":7,"column":0},"end":{"line":7,"column":32}},"7":{"start":{"line":8,"column":0},"end":{"line":8,"column":11}},"8":{"start":{"line":9,"column":0},"end":{"line":9,"column":21}},"9":{"start":{"line":10,"column":0},"end":{"line":10,"column":10}},"10":{"start":{"line":11,"column":0},"end":{"line":11,"column":17}},"11":{"start":{"line":12,"column":0},"end":{"line":12,"column":10}},"12":{"start":{"line":13,"column":0},"end":{"line":13,"column":55}},"13":{"start":{"line":14,"column":0},"end":{"line":14,"column":16}},"14":{"start":{"line":15,"column":0},"end":{"line":15,"column":13}},"16":{"start":{"line":17,"column":0},"end":{"line":17,"column":1}}},"s":{"0":1,"6":138,"7":138,"8":138,"9":138,"10":138,"11":138,"12":138,"13":138,"14":138,"16":138},"branchMap":{"0":{"type":"branch","line":7,"loc":{"start":{"line":7,"column":0},"end":{"line":17,"column":1}},"locations":[{"start":{"line":7,"column":0},"end":{"line":17,"column":1}}]}},"b":{"0":[138]},"fnMap":{"0":{"name":"Button","decl":{"start":{"line":7,"column":0},"end":{"line":17,"column":1}},"loc":{"start":{"line":7,"column":0},"end":{"line":17,"column":1}},"line":7}},"f":{"0":138}}
,"/Users/kurtisyoung/Repos/react-task-manager/app/components/Header/Header.css.ts": {"path":"/Users/kurtisyoung/Repos/react-task-manager/app/components/Header/Header.css.ts","all":false,"statementMap":{"0":{"start":{"line":1,"column":0},"end":{"line":1,"column":58}},"1":{"start":{"line":2,"column":0},"end":{"line":2,"column":46}},"2":{"start":{"line":3,"column":0},"end":{"line":3,"column":60}},"3":{"start":{"line":4,"column":0},"end":{"line":4,"column":54}}},"s":{"0":1,"1":1,"2":1,"3":1},"branchMap":{},"b":{},"fnMap":{},"f":{}}
,"/Users/kurtisyoung/Repos/react-task-manager/app/components/Header/index.tsx": {"path":"/Users/kurtisyoung/Repos/react-task-manager/app/components/Header/index.tsx","all":false,"statementMap":{"0":{"start":{"line":1,"column":0},"end":{"line":1,"column":36}},"4":{"start":{"line":5,"column":0},"end":{"line":5,"column":34}},"5":{"start":{"line":6,"column":0},"end":{"line":6,"column":48}},"6":{"start":{"line":7,"column":0},"end":{"line":7,"column":10}},"7":{"start":{"line":8,"column":0},"end":{"line":8,"column":35}},"8":{"start":{"line":9,"column":0},"end":{"line":9,"column":10}},"9":{"start":{"line":10,"column":0},"end":{"line":10,"column":31}},"10":{"start":{"line":11,"column":0},"end":{"line":11,"column":21}},"11":{"start":{"line":12,"column":0},"end":{"line":12,"column":50}},"13":{"start":{"line":14,"column":0},"end":{"line":14,"column":44}},"14":{"start":{"line":15,"column":0},"end":{"line":15,"column":64}},"16":{"start":{"line":17,"column":0},"end":{"line":17,"column":13}},"17":{"start":{"line":18,"column":0},"end":{"line":18,"column":28}},"18":{"start":{"line":19,"column":0},"end":{"line":19,"column":70}},"20":{"start":{"line":21,"column":0},"end":{"line":21,"column":17}},"22":{"start":{"line":23,"column":0},"end":{"line":23,"column":12}},"24":{"start":{"line":25,"column":0},"end":{"line":25,"column":12}},"25":{"start":{"line":26,"column":0},"end":{"line":26,"column":10}},"27":{"start":{"line":28,"column":0},"end":{"line":28,"column":1}}},"s":{"0":1,"4":4,"5":4,"6":4,"7":4,"8":4,"9":4,"10":4,"11":4,"13":4,"14":4,"16":4,"17":4,"18":1,"20":1,"22":3,"24":4,"25":4,"27":4},"branchMap":{"0":{"type":"branch","line":5,"loc":{"start":{"line":5,"column":0},"end":{"line":28,"column":1}},"locations":[{"start":{"line":5,"column":0},"end":{"line":28,"column":1}}]},"1":{"type":"branch","line":18,"loc":{"start":{"line":18,"column":9},"end":{"line":21,"column":17}},"locations":[{"start":{"line":18,"column":9},"end":{"line":21,"column":17}}]},"2":{"type":"branch","line":21,"loc":{"start":{"line":21,"column":10},"end":{"line":23,"column":12}},"locations":[{"start":{"line":21,"column":10},"end":{"line":23,"column":12}}]}},"b":{"0":[4],"1":[1],"2":[3]},"fnMap":{"0":{"name":"Header","decl":{"start":{"line":5,"column":0},"end":{"line":28,"column":1}},"loc":{"start":{"line":5,"column":0},"end":{"line":28,"column":1}},"line":5}},"f":{"0":4}}
,"/Users/kurtisyoung/Repos/react-task-manager/app/components/InputGroup/InputGroup.css.ts": {"path":"/Users/kurtisyoung/Repos/react-task-manager/app/components/InputGroup/InputGroup.css.ts","all":false,"statementMap":{"0":{"start":{"line":1,"column":0},"end":{"line":1,"column":66}},"1":{"start":{"line":2,"column":0},"end":{"line":2,"column":58}},"2":{"start":{"line":3,"column":0},"end":{"line":3,"column":48}},"3":{"start":{"line":4,"column":0},"end":{"line":4,"column":48}}},"s":{"0":1,"1":1,"2":1,"3":1},"branchMap":{},"b":{},"fnMap":{},"f":{}}
,"/Users/kurtisyoung/Repos/react-task-manager/app/components/InputGroup/index.tsx": {"path":"/Users/kurtisyoung/Repos/react-task-manager/app/components/InputGroup/index.tsx","all":false,"statementMap":{"0":{"start":{"line":1,"column":0},"end":{"line":1,"column":43}},"12":{"start":{"line":13,"column":0},"end":{"line":13,"column":36}},"13":{"start":{"line":14,"column":0},"end":{"line":14,"column":5}},"14":{"start":{"line":15,"column":0},"end":{"line":15,"column":7}},"15":{"start":{"line":16,"column":0},"end":{"line":16,"column":14}},"16":{"start":{"line":17,"column":0},"end":{"line":17,"column":8}},"17":{"start":{"line":18,"column":0},"end":{"line":18,"column":11}},"18":{"start":{"line":19,"column":0},"end":{"line":19,"column":8}},"19":{"start":{"line":20,"column":0},"end":{"line":20,"column":19}},"20":{"start":{"line":21,"column":0},"end":{"line":21,"column":21}},"21":{"start":{"line":22,"column":0},"end":{"line":22,"column":10}},"22":{"start":{"line":23,"column":0},"end":{"line":23,"column":39}},"23":{"start":{"line":24,"column":0},"end":{"line":24,"column":17}},"24":{"start":{"line":25,"column":0},"end":{"line":25,"column":53}},"25":{"start":{"line":26,"column":0},"end":{"line":26,"column":17}},"26":{"start":{"line":27,"column":0},"end":{"line":27,"column":16}},"28":{"start":{"line":29,"column":0},"end":{"line":29,"column":12}},"29":{"start":{"line":30,"column":0},"end":{"line":30,"column":15}},"30":{"start":{"line":31,"column":0},"end":{"line":31,"column":19}},"31":{"start":{"line":32,"column":0},"end":{"line":32,"column":33}},"32":{"start":{"line":33,"column":0},"end":{"line":33,"column":21}},"33":{"start":{"line":34,"column":0},"end":{"line":34,"column":27}},"34":{"start":{"line":35,"column":0},"end":{"line":35,"column":32}},"35":{"start":{"line":36,"column":0},"end":{"line":36,"column":27}},"37":{"start":{"line":38,"column":0},"end":{"line":38,"column":10}},"39":{"start":{"line":40,"column":0},"end":{"line":40,"column":1}}},"s":{"0":1,"12":78,"13":78,"14":78,"15":78,"16":78,"17":78,"18":78,"19":78,"20":78,"21":78,"22":78,"23":78,"24":49,"25":49,"26":49,"28":78,"29":78,"30":78,"31":78,"32":78,"33":78,"34":78,"35":78,"37":78,"39":78},"branchMap":{"0":{"type":"branch","line":13,"loc":{"start":{"line":13,"column":0},"end":{"line":40,"column":1}},"locations":[{"start":{"line":13,"column":0},"end":{"line":40,"column":1}}]},"1":{"type":"branch","line":24,"loc":{"start":{"line":24,"column":7},"end":{"line":27,"column":16}},"locations":[{"start":{"line":24,"column":7},"end":{"line":27,"column":16}}]}},"b":{"0":[78],"1":[49]},"fnMap":{"0":{"name":"InputGroup","decl":{"start":{"line":13,"column":0},"end":{"line":40,"column":1}},"loc":{"start":{"line":13,"column":0},"end":{"line":40,"column":1}},"line":13}},"f":{"0":78}}
,"/Users/kurtisyoung/Repos/react-task-manager/app/components/TaskCard/TaskCard.css.ts": {"path":"/Users/kurtisyoung/Repos/react-task-manager/app/components/TaskCard/TaskCard.css.ts","all":false,"statementMap":{"0":{"start":{"line":1,"column":0},"end":{"line":1,"column":62}},"1":{"start":{"line":2,"column":0},"end":{"line":2,"column":51}},"2":{"start":{"line":3,"column":0},"end":{"line":3,"column":63}},"3":{"start":{"line":4,"column":0},"end":{"line":4,"column":51}},"4":{"start":{"line":5,"column":0},"end":{"line":5,"column":51}},"5":{"start":{"line":6,"column":0},"end":{"line":6,"column":65}},"6":{"start":{"line":7,"column":0},"end":{"line":7,"column":53}},"7":{"start":{"line":8,"column":0},"end":{"line":8,"column":51}},"8":{"start":{"line":9,"column":0},"end":{"line":9,"column":59}}},"s":{"0":1,"1":1,"2":1,"3":1,"4":1,"5":1,"6":1,"7":1,"8":1},"branchMap":{},"b":{},"fnMap":{},"f":{}}
,"/Users/kurtisyoung/Repos/react-task-manager/app/components/TaskCard/index.tsx": {"path":"/Users/kurtisyoung/Repos/react-task-manager/app/components/TaskCard/index.tsx","all":false,"statementMap":{"0":{"start":{"line":1,"column":0},"end":{"line":1,"column":42}},"2":{"start":{"line":3,"column":0},"end":{"line":3,"column":41}},"3":{"start":{"line":4,"column":0},"end":{"line":4,"column":41}},"11":{"start":{"line":12,"column":0},"end":{"line":12,"column":68}},"12":{"start":{"line":13,"column":0},"end":{"line":13,"column":37}},"13":{"start":{"line":14,"column":0},"end":{"line":14,"column":33}},"14":{"start":{"line":15,"column":0},"end":{"line":15,"column":47}},"15":{"start":{"line":16,"column":0},"end":{"line":16,"column":27}},"16":{"start":{"line":17,"column":0},"end":{"line":17,"column":28}},"17":{"start":{"line":18,"column":0},"end":{"line":18,"column":7}},"18":{"start":{"line":19,"column":0},"end":{"line":19,"column":6}},"19":{"start":{"line":20,"column":0},"end":{"line":20,"column":25}},"20":{"start":{"line":21,"column":0},"end":{"line":21,"column":4}},"22":{"start":{"line":23,"column":0},"end":{"line":23,"column":42}},"23":{"start":{"line":24,"column":0},"end":{"line":24,"column":24}},"24":{"start":{"line":25,"column":0},"end":{"line":25,"column":28}},"26":{"start":{"line":27,"column":0},"end":{"line":27,"column":35}},"27":{"start":{"line":28,"column":0},"end":{"line":28,"column":30}},"28":{"start":{"line":29,"column":0},"end":{"line":29,"column":26}},"29":{"start":{"line":30,"column":0},"end":{"line":30,"column":26}},"30":{"start":{"line":31,"column":0},"end":{"line":31,"column":6}},"31":{"start":{"line":32,"column":0},"end":{"line":32,"column":25}},"32":{"start":{"line":33,"column":0},"end":{"line":33,"column":4}},"34":{"start":{"line":35,"column":0},"end":{"line":35,"column":10}},"35":{"start":{"line":36,"column":0},"end":{"line":36,"column":8}},"36":{"start":{"line":37,"column":0},"end":{"line":37,"column":33}},"37":{"start":{"line":38,"column":0},"end":{"line":38,"column":37}},"38":{"start":{"line":39,"column":0},"end":{"line":39,"column":21}},"39":{"start":{"line":40,"column":0},"end":{"line":40,"column":18}},"40":{"start":{"line":41,"column":0},"end":{"line":41,"column":32}},"41":{"start":{"line":42,"column":0},"end":{"line":42,"column":28}},"43":{"start":{"line":44,"column":0},"end":{"line":44,"column":39}},"44":{"start":{"line":45,"column":0},"end":{"line":45,"column":50}},"45":{"start":{"line":46,"column":0},"end":{"line":46,"column":16}},"46":{"start":{"line":47,"column":0},"end":{"line":47,"column":27}},"47":{"start":{"line":48,"column":0},"end":{"line":48,"column":36}},"48":{"start":{"line":49,"column":0},"end":{"line":49,"column":39}},"49":{"start":{"line":50,"column":0},"end":{"line":50,"column":35}},"50":{"start":{"line":51,"column":0},"end":{"line":51,"column":51}},"51":{"start":{"line":52,"column":0},"end":{"line":52,"column":56}},"52":{"start":{"line":53,"column":0},"end":{"line":53,"column":15}},"54":{"start":{"line":55,"column":0},"end":{"line":55,"column":72}},"55":{"start":{"line":56,"column":0},"end":{"line":56,"column":16}},"56":{"start":{"line":57,"column":0},"end":{"line":57,"column":13}},"57":{"start":{"line":58,"column":0},"end":{"line":58,"column":76}},"58":{"start":{"line":59,"column":0},"end":{"line":59,"column":24}},"59":{"start":{"line":60,"column":0},"end":{"line":60,"column":16}},"60":{"start":{"line":61,"column":0},"end":{"line":61,"column":75}},"61":{"start":{"line":62,"column":0},"end":{"line":62,"column":31}},"62":{"start":{"line":63,"column":0},"end":{"line":63,"column":16}},"63":{"start":{"line":64,"column":0},"end":{"line":64,"column":14}},"64":{"start":{"line":65,"column":0},"end":{"line":65,"column":12}},"65":{"start":{"line":66,"column":0},"end":{"line":66,"column":13}},"66":{"start":{"line":67,"column":0},"end":{"line":67,"column":24}},"67":{"start":{"line":68,"column":0},"end":{"line":68,"column":30}},"68":{"start":{"line":69,"column":0},"end":{"line":69,"column":49}},"71":{"start":{"line":72,"column":0},"end":{"line":72,"column":15}},"72":{"start":{"line":73,"column":0},"end":{"line":73,"column":10}},"74":{"start":{"line":75,"column":0},"end":{"line":75,"column":1}},"76":{"start":{"line":77,"column":0},"end":{"line":77,"column":30}}},"s":{"0":1,"2":1,"3":1,"11":20,"12":20,"13":20,"14":0,"15":0,"16":0,"17":0,"18":0,"19":20,"20":20,"22":20,"23":2,"24":20,"26":20,"27":20,"28":1,"29":1,"30":1,"31":20,"32":20,"34":20,"35":20,"36":20,"37":20,"38":20,"39":20,"40":20,"41":20,"43":20,"44":20,"45":20,"46":20,"47":20,"48":20,"49":20,"50":20,"51":20,"52":20,"54":20,"55":20,"56":20,"57":20,"58":20,"59":20,"60":20,"61":20,"62":20,"63":20,"64":20,"65":20,"66":20,"67":20,"68":20,"71":20,"72":20,"74":20,"76":1},"branchMap":{"0":{"type":"branch","line":12,"loc":{"start":{"line":12,"column":0},"end":{"line":75,"column":1}},"locations":[{"start":{"line":12,"column":0},"end":{"line":75,"column":1}}]},"1":{"type":"branch","line":52,"loc":{"start":{"line":52,"column":19},"end":{"line":52,"column":46}},"locations":[{"start":{"line":52,"column":19},"end":{"line":52,"column":46}}]},"2":{"type":"branch","line":52,"loc":{"start":{"line":52,"column":31},"end":{"line":52,"column":56}},"locations":[{"start":{"line":52,"column":31},"end":{"line":52,"column":56}}]},"3":{"type":"branch","line":23,"loc":{"start":{"line":23,"column":35},"end":{"line":25,"column":5}},"locations":[{"start":{"line":23,"column":35},"end":{"line":25,"column":5}}]},"4":{"type":"branch","line":28,"loc":{"start":{"line":28,"column":4},"end":{"line":31,"column":6}},"locations":[{"start":{"line":28,"column":4},"end":{"line":31,"column":6}}]}},"b":{"0":[20],"1":[9],"2":[11],"3":[2],"4":[1]},"fnMap":{"0":{"name":"TaskCard","decl":{"start":{"line":12,"column":0},"end":{"line":75,"column":1}},"loc":{"start":{"line":12,"column":0},"end":{"line":75,"column":1}},"line":12}},"f":{"0":20}}
,"/Users/kurtisyoung/Repos/react-task-manager/app/context/AuthContext.tsx": {"path":"/Users/kurtisyoung/Repos/react-task-manager/app/context/AuthContext.tsx","all":false,"statementMap":{"0":{"start":{"line":1,"column":0},"end":{"line":1,"column":8}},"17":{"start":{"line":18,"column":0},"end":{"line":18,"column":64}},"23":{"start":{"line":24,"column":0},"end":{"line":24,"column":63}},"24":{"start":{"line":25,"column":0},"end":{"line":25,"column":64}},"25":{"start":{"line":26,"column":0},"end":{"line":26,"column":48}},"26":{"start":{"line":27,"column":0},"end":{"line":27,"column":61}},"27":{"start":{"line":28,"column":0},"end":{"line":28,"column":14}},"28":{"start":{"line":29,"column":0},"end":{"line":29,"column":5}},"30":{"start":{"line":31,"column":0},"end":{"line":31,"column":19}},"31":{"start":{"line":32,"column":0},"end":{"line":32,"column":65}},"32":{"start":{"line":33,"column":0},"end":{"line":33,"column":32}},"33":{"start":{"line":34,"column":0},"end":{"line":34,"column":31}},"34":{"start":{"line":35,"column":0},"end":{"line":35,"column":5}},"35":{"start":{"line":36,"column":0},"end":{"line":36,"column":9}},"37":{"start":{"line":38,"column":0},"end":{"line":38,"column":72}},"39":{"start":{"line":40,"column":0},"end":{"line":40,"column":28}},"41":{"start":{"line":42,"column":0},"end":{"line":42,"column":58}},"42":{"start":{"line":43,"column":0},"end":{"line":43,"column":56}},"43":{"start":{"line":44,"column":0},"end":{"line":44,"column":74}},"44":{"start":{"line":45,"column":0},"end":{"line":45,"column":31}},"45":{"start":{"line":46,"column":0},"end":{"line":46,"column":12}},"46":{"start":{"line":47,"column":0},"end":{"line":47,"column":45}},"47":{"start":{"line":48,"column":0},"end":{"line":48,"column":5}},"48":{"start":{"line":49,"column":0},"end":{"line":49,"column":9}},"50":{"start":{"line":51,"column":0},"end":{"line":51,"column":42}},"51":{"start":{"line":52,"column":0},"end":{"line":52,"column":9}},"52":{"start":{"line":53,"column":0},"end":{"line":53,"column":42}},"53":{"start":{"line":54,"column":0},"end":{"line":54,"column":21}},"55":{"start":{"line":56,"column":0},"end":{"line":56,"column":48}},"56":{"start":{"line":57,"column":0},"end":{"line":57,"column":5}},"57":{"start":{"line":58,"column":0},"end":{"line":58,"column":49}},"58":{"start":{"line":59,"column":0},"end":{"line":59,"column":38}},"59":{"start":{"line":60,"column":0},"end":{"line":60,"column":30}},"60":{"start":{"line":61,"column":0},"end":{"line":61,"column":9}},"62":{"start":{"line":63,"column":0},"end":{"line":63,"column":24}},"63":{"start":{"line":64,"column":0},"end":{"line":64,"column":12}},"64":{"start":{"line":65,"column":0},"end":{"line":65,"column":22}},"65":{"start":{"line":66,"column":0},"end":{"line":66,"column":12}},"66":{"start":{"line":67,"column":0},"end":{"line":67,"column":13}},"67":{"start":{"line":68,"column":0},"end":{"line":68,"column":7}},"68":{"start":{"line":69,"column":0},"end":{"line":69,"column":36}},"69":{"start":{"line":70,"column":0},"end":{"line":70,"column":4}},"71":{"start":{"line":72,"column":0},"end":{"line":72,"column":79}},"72":{"start":{"line":73,"column":0},"end":{"line":73,"column":1}},"74":{"start":{"line":75,"column":0},"end":{"line":75,"column":27}},"75":{"start":{"line":76,"column":0},"end":{"line":76,"column":42}},"76":{"start":{"line":77,"column":0},"end":{"line":77,"column":17}},"77":{"start":{"line":78,"column":0},"end":{"line":78,"column":67}},"78":{"start":{"line":79,"column":0},"end":{"line":79,"column":3}},"79":{"start":{"line":80,"column":0},"end":{"line":80,"column":17}},"80":{"start":{"line":81,"column":0},"end":{"line":81,"column":1}}},"s":{"0":1,"17":1,"23":1,"24":10,"25":7,"26":7,"27":0,"28":10,"30":10,"31":7,"32":7,"33":3,"34":3,"35":10,"37":10,"39":3,"41":2,"42":1,"43":1,"44":1,"45":3,"46":1,"47":1,"48":10,"50":10,"51":2,"52":2,"53":1,"55":1,"56":1,"57":2,"58":2,"59":2,"60":10,"62":10,"63":10,"64":10,"65":10,"66":10,"67":10,"68":10,"69":10,"71":10,"72":10,"74":1,"75":13,"76":13,"77":2,"78":2,"79":10,"80":10},"branchMap":{"0":{"type":"branch","line":24,"loc":{"start":{"line":24,"column":7},"end":{"line":73,"column":1}},"locations":[{"start":{"line":24,"column":7},"end":{"line":73,"column":1}}]},"1":{"type":"branch","line":25,"loc":{"start":{"line":25,"column":57},"end":{"line":29,"column":3}},"locations":[{"start":{"line":25,"column":57},"end":{"line":29,"column":3}}]},"2":{"type":"branch","line":27,"loc":{"start":{"line":27,"column":55},"end":{"line":28,"column":14}},"locations":[{"start":{"line":27,"column":55},"end":{"line":28,"column":14}}]},"3":{"type":"branch","line":31,"loc":{"start":{"line":31,"column":12},"end":{"line":36,"column":5}},"locations":[{"start":{"line":31,"column":12},"end":{"line":36,"column":5}}]},"4":{"type":"branch","line":33,"loc":{"start":{"line":33,"column":31},"end":{"line":35,"column":5}},"locations":[{"start":{"line":33,"column":31},"end":{"line":35,"column":5}}]},"5":{"type":"branch","line":38,"loc":{"start":{"line":38,"column":28},"end":{"line":49,"column":5}},"locations":[{"start":{"line":38,"column":28},"end":{"line":49,"column":5}}]},"6":{"type":"branch","line":40,"loc":{"start":{"line":40,"column":8},"end":{"line":40,"column":27}},"locations":[{"start":{"line":40,"column":8},"end":{"line":40,"column":27}}]},"7":{"type":"branch","line":40,"loc":{"start":{"line":40,"column":27},"end":{"line":46,"column":11}},"locations":[{"start":{"line":40,"column":27},"end":{"line":46,"column":11}}]},"8":{"type":"branch","line":42,"loc":{"start":{"line":42,"column":56},"end":{"line":46,"column":11}},"locations":[{"start":{"line":42,"column":56},"end":{"line":46,"column":11}}]},"9":{"type":"branch","line":46,"loc":{"start":{"line":46,"column":4},"end":{"line":48,"column":5}},"locations":[{"start":{"line":46,"column":4},"end":{"line":48,"column":5}}]},"10":{"type":"branch","line":51,"loc":{"start":{"line":51,"column":29},"end":{"line":61,"column":5}},"locations":[{"start":{"line":51,"column":29},"end":{"line":61,"column":5}}]},"11":{"type":"branch","line":53,"loc":{"start":{"line":53,"column":40},"end":{"line":57,"column":5}},"locations":[{"start":{"line":53,"column":40},"end":{"line":57,"column":5}}]},"12":{"type":"branch","line":64,"loc":{"start":{"line":64,"column":4},"end":{"line":68,"column":7}},"locations":[{"start":{"line":64,"column":4},"end":{"line":68,"column":7}}]},"13":{"type":"branch","line":75,"loc":{"start":{"line":75,"column":7},"end":{"line":81,"column":1}},"locations":[{"start":{"line":75,"column":7},"end":{"line":81,"column":1}}]},"14":{"type":"branch","line":77,"loc":{"start":{"line":77,"column":16},"end":{"line":79,"column":3}},"locations":[{"start":{"line":77,"column":16},"end":{"line":79,"column":3}}]},"15":{"type":"branch","line":79,"loc":{"start":{"line":79,"column":2},"end":{"line":81,"column":1}},"locations":[{"start":{"line":79,"column":2},"end":{"line":81,"column":1}}]}},"b":{"0":[10],"1":[7],"2":[0],"3":[7],"4":[3],"5":[3],"6":[2],"7":[2],"8":[1],"9":[1],"10":[2],"11":[1],"12":[10],"13":[13],"14":[2],"15":[10]},"fnMap":{"0":{"name":"AuthProvider","decl":{"start":{"line":24,"column":7},"end":{"line":73,"column":1}},"loc":{"start":{"line":24,"column":7},"end":{"line":73,"column":1}},"line":24},"1":{"name":"useAuth","decl":{"start":{"line":75,"column":7},"end":{"line":81,"column":1}},"loc":{"start":{"line":75,"column":7},"end":{"line":81,"column":1}},"line":75}},"f":{"0":10,"1":13}}
,"/Users/kurtisyoung/Repos/react-task-manager/app/context/TaskContext.tsx": {"path":"/Users/kurtisyoung/Repos/react-task-manager/app/context/TaskContext.tsx","all":false,"statementMap":{"0":{"start":{"line":1,"column":0},"end":{"line":1,"column":8}},"20":{"start":{"line":21,"column":0},"end":{"line":21,"column":64}},"26":{"start":{"line":27,"column":0},"end":{"line":27,"column":63}},"27":{"start":{"line":28,"column":0},"end":{"line":28,"column":52}},"28":{"start":{"line":29,"column":0},"end":{"line":29,"column":22}},"29":{"start":{"line":30,"column":0},"end":{"line":30,"column":41}},"30":{"start":{"line":31,"column":0},"end":{"line":31,"column":39}},"31":{"start":{"line":32,"column":0},"end":{"line":32,"column":15}},"32":{"start":{"line":33,"column":0},"end":{"line":33,"column":52}},"33":{"start":{"line":34,"column":0},"end":{"line":34,"column":5}},"35":{"start":{"line":36,"column":0},"end":{"line":36,"column":19}},"36":{"start":{"line":37,"column":0},"end":{"line":37,"column":57}},"37":{"start":{"line":38,"column":0},"end":{"line":38,"column":14}},"39":{"start":{"line":40,"column":0},"end":{"line":40,"column":73}},"41":{"start":{"line":42,"column":0},"end":{"line":42,"column":53}},"42":{"start":{"line":43,"column":0},"end":{"line":43,"column":27}},"43":{"start":{"line":44,"column":0},"end":{"line":44,"column":32}},"44":{"start":{"line":45,"column":0},"end":{"line":45,"column":12}},"45":{"start":{"line":46,"column":0},"end":{"line":46,"column":14}},"46":{"start":{"line":47,"column":0},"end":{"line":47,"column":23}},"47":{"start":{"line":48,"column":0},"end":{"line":48,"column":6}},"48":{"start":{"line":49,"column":0},"end":{"line":49,"column":43}},"49":{"start":{"line":50,"column":0},"end":{"line":50,"column":9}},"51":{"start":{"line":52,"column":0},"end":{"line":52,"column":56}},"53":{"start":{"line":54,"column":0},"end":{"line":54,"column":44}},"54":{"start":{"line":55,"column":0},"end":{"line":55,"column":22}},"55":{"start":{"line":56,"column":0},"end":{"line":56,"column":24}},"56":{"start":{"line":57,"column":0},"end":{"line":57,"column":71}},"57":{"start":{"line":58,"column":0},"end":{"line":58,"column":7}},"58":{"start":{"line":59,"column":0},"end":{"line":59,"column":6}},"59":{"start":{"line":60,"column":0},"end":{"line":60,"column":9}},"61":{"start":{"line":62,"column":0},"end":{"line":62,"column":56}},"63":{"start":{"line":64,"column":0},"end":{"line":64,"column":44}},"64":{"start":{"line":65,"column":0},"end":{"line":65,"column":62}},"65":{"start":{"line":66,"column":0},"end":{"line":66,"column":9}},"67":{"start":{"line":68,"column":0},"end":{"line":68,"column":34}},"68":{"start":{"line":69,"column":0},"end":{"line":69,"column":50}},"69":{"start":{"line":70,"column":0},"end":{"line":70,"column":23}},"70":{"start":{"line":71,"column":0},"end":{"line":71,"column":23}},"71":{"start":{"line":72,"column":0},"end":{"line":72,"column":57}},"72":{"start":{"line":73,"column":0},"end":{"line":73,"column":25}},"73":{"start":{"line":74,"column":0},"end":{"line":74,"column":56}},"74":{"start":{"line":75,"column":0},"end":{"line":75,"column":16}},"75":{"start":{"line":76,"column":0},"end":{"line":76,"column":23}},"76":{"start":{"line":77,"column":0},"end":{"line":77,"column":7}},"77":{"start":{"line":78,"column":0},"end":{"line":78,"column":6}},"78":{"start":{"line":79,"column":0},"end":{"line":79,"column":11}},"79":{"start":{"line":80,"column":0},"end":{"line":80,"column":4}},"81":{"start":{"line":82,"column":0},"end":{"line":82,"column":24}},"82":{"start":{"line":83,"column":0},"end":{"line":83,"column":12}},"83":{"start":{"line":84,"column":0},"end":{"line":84,"column":12}},"84":{"start":{"line":85,"column":0},"end":{"line":85,"column":14}},"85":{"start":{"line":86,"column":0},"end":{"line":86,"column":17}},"86":{"start":{"line":87,"column":0},"end":{"line":87,"column":17}},"87":{"start":{"line":88,"column":0},"end":{"line":88,"column":18}},"88":{"start":{"line":89,"column":0},"end":{"line":89,"column":7}},"89":{"start":{"line":90,"column":0},"end":{"line":90,"column":57}},"90":{"start":{"line":91,"column":0},"end":{"line":91,"column":4}},"92":{"start":{"line":93,"column":0},"end":{"line":93,"column":79}},"93":{"start":{"line":94,"column":0},"end":{"line":94,"column":1}},"95":{"start":{"line":96,"column":0},"end":{"line":96,"column":28}},"96":{"start":{"line":97,"column":0},"end":{"line":97,"column":42}},"97":{"start":{"line":98,"column":0},"end":{"line":98,"column":17}},"98":{"start":{"line":99,"column":0},"end":{"line":99,"column":67}},"99":{"start":{"line":100,"column":0},"end":{"line":100,"column":3}},"100":{"start":{"line":101,"column":0},"end":{"line":101,"column":17}},"101":{"start":{"line":102,"column":0},"end":{"line":102,"column":1}}},"s":{"0":1,"20":1,"26":1,"27":12,"28":9,"29":9,"30":9,"31":0,"32":9,"33":12,"35":12,"36":12,"37":12,"39":12,"41":2,"42":1,"43":1,"44":1,"45":1,"46":1,"47":1,"48":1,"49":12,"51":12,"53":2,"54":1,"55":1,"56":2,"57":1,"58":1,"59":12,"61":12,"63":2,"64":1,"65":12,"67":12,"68":12,"69":15,"70":15,"71":1,"72":15,"73":1,"74":15,"75":13,"76":15,"77":15,"78":12,"79":12,"81":12,"82":12,"83":12,"84":12,"85":12,"86":12,"87":12,"88":12,"89":12,"90":12,"92":12,"93":12,"95":1,"96":18,"97":18,"98":2,"99":2,"100":15,"101":15},"branchMap":{"0":{"type":"branch","line":27,"loc":{"start":{"line":27,"column":7},"end":{"line":94,"column":1}},"locations":[{"start":{"line":27,"column":7},"end":{"line":94,"column":1}}]},"1":{"type":"branch","line":28,"loc":{"start":{"line":28,"column":45},"end":{"line":34,"column":3}},"locations":[{"start":{"line":28,"column":45},"end":{"line":34,"column":3}}]},"2":{"type":"branch","line":31,"loc":{"start":{"line":31,"column":38},"end":{"line":32,"column":15}},"locations":[{"start":{"line":31,"column":38},"end":{"line":32,"column":15}}]},"3":{"type":"branch","line":33,"loc":{"start":{"line":33,"column":11},"end":{"line":33,"column":49}},"locations":[{"start":{"line":33,"column":11},"end":{"line":33,"column":49}}]},"4":{"type":"branch","line":33,"loc":{"start":{"line":33,"column":45},"end":{"line":33,"column":52}},"locations":[{"start":{"line":33,"column":45},"end":{"line":33,"column":52}}]},"5":{"type":"branch","line":36,"loc":{"start":{"line":36,"column":12},"end":{"line":38,"column":5}},"locations":[{"start":{"line":36,"column":12},"end":{"line":38,"column":5}}]},"6":{"type":"branch","line":40,"loc":{"start":{"line":40,"column":30},"end":{"line":50,"column":5}},"locations":[{"start":{"line":40,"column":30},"end":{"line":50,"column":5}}]},"7":{"type":"branch","line":42,"loc":{"start":{"line":42,"column":51},"end":{"line":49,"column":43}},"locations":[{"start":{"line":42,"column":51},"end":{"line":49,"column":43}}]},"8":{"type":"branch","line":49,"loc":{"start":{"line":49,"column":13},"end":{"line":49,"column":41}},"locations":[{"start":{"line":49,"column":13},"end":{"line":49,"column":41}}]},"9":{"type":"branch","line":52,"loc":{"start":{"line":52,"column":33},"end":{"line":60,"column":5}},"locations":[{"start":{"line":52,"column":33},"end":{"line":60,"column":5}}]},"10":{"type":"branch","line":54,"loc":{"start":{"line":54,"column":42},"end":{"line":59,"column":6}},"locations":[{"start":{"line":54,"column":42},"end":{"line":59,"column":6}}]},"11":{"type":"branch","line":55,"loc":{"start":{"line":55,"column":13},"end":{"line":58,"column":7}},"locations":[{"start":{"line":55,"column":13},"end":{"line":58,"column":7}}]},"12":{"type":"branch","line":56,"loc":{"start":{"line":56,"column":15},"end":{"line":57,"column":71}},"locations":[{"start":{"line":56,"column":15},"end":{"line":57,"column":71}}]},"13":{"type":"branch","line":57,"loc":{"start":{"line":57,"column":20},"end":{"line":57,"column":67}},"locations":[{"start":{"line":57,"column":20},"end":{"line":57,"column":67}}]},"14":{"type":"branch","line":57,"loc":{"start":{"line":57,"column":63},"end":{"line":57,"column":71}},"locations":[{"start":{"line":57,"column":63},"end":{"line":57,"column":71}}]},"15":{"type":"branch","line":62,"loc":{"start":{"line":62,"column":33},"end":{"line":66,"column":5}},"locations":[{"start":{"line":62,"column":33},"end":{"line":66,"column":5}}]},"16":{"type":"branch","line":64,"loc":{"start":{"line":64,"column":42},"end":{"line":65,"column":62}},"locations":[{"start":{"line":64,"column":42},"end":{"line":65,"column":62}}]},"17":{"type":"branch","line":65,"loc":{"start":{"line":65,"column":13},"end":{"line":65,"column":60}},"locations":[{"start":{"line":65,"column":13},"end":{"line":65,"column":60}}]},"18":{"type":"branch","line":65,"loc":{"start":{"line":65,"column":35},"end":{"line":65,"column":59}},"locations":[{"start":{"line":65,"column":35},"end":{"line":65,"column":59}}]},"19":{"type":"branch","line":69,"loc":{"start":{"line":69,"column":4},"end":{"line":78,"column":6}},"locations":[{"start":{"line":69,"column":4},"end":{"line":78,"column":6}}]},"20":{"type":"branch","line":71,"loc":{"start":{"line":71,"column":8},"end":{"line":72,"column":57}},"locations":[{"start":{"line":71,"column":8},"end":{"line":72,"column":57}}]},"21":{"type":"branch","line":73,"loc":{"start":{"line":73,"column":8},"end":{"line":74,"column":56}},"locations":[{"start":{"line":73,"column":8},"end":{"line":74,"column":56}}]},"22":{"type":"branch","line":75,"loc":{"start":{"line":75,"column":8},"end":{"line":76,"column":23}},"locations":[{"start":{"line":75,"column":8},"end":{"line":76,"column":23}}]},"23":{"type":"branch","line":72,"loc":{"start":{"line":72,"column":30},"end":{"line":72,"column":55}},"locations":[{"start":{"line":72,"column":30},"end":{"line":72,"column":55}}]},"24":{"type":"branch","line":74,"loc":{"start":{"line":74,"column":30},"end":{"line":74,"column":54}},"locations":[{"start":{"line":74,"column":30},"end":{"line":74,"column":54}}]},"25":{"type":"branch","line":83,"loc":{"start":{"line":83,"column":4},"end":{"line":89,"column":7}},"locations":[{"start":{"line":83,"column":4},"end":{"line":89,"column":7}}]},"26":{"type":"branch","line":96,"loc":{"start":{"line":96,"column":7},"end":{"line":102,"column":1}},"locations":[{"start":{"line":96,"column":7},"end":{"line":102,"column":1}}]},"27":{"type":"branch","line":98,"loc":{"start":{"line":98,"column":16},"end":{"line":100,"column":3}},"locations":[{"start":{"line":98,"column":16},"end":{"line":100,"column":3}}]},"28":{"type":"branch","line":100,"loc":{"start":{"line":100,"column":2},"end":{"line":102,"column":1}},"locations":[{"start":{"line":100,"column":2},"end":{"line":102,"column":1}}]}},"b":{"0":[12],"1":[9],"2":[0],"3":[6],"4":[3],"5":[12],"6":[2],"7":[1],"8":[1],"9":[2],"10":[1],"11":[1],"12":[2],"13":[1],"14":[1],"15":[2],"16":[1],"17":[1],"18":[2],"19":[15],"20":[1],"21":[1],"22":[13],"23":[2],"24":[2],"25":[12],"26":[18],"27":[2],"28":[15]},"fnMap":{"0":{"name":"TaskProvider","decl":{"start":{"line":27,"column":7},"end":{"line":94,"column":1}},"loc":{"start":{"line":27,"column":7},"end":{"line":94,"column":1}},"line":27},"1":{"name":"useTasks","decl":{"start":{"line":96,"column":7},"end":{"line":102,"column":1}},"loc":{"start":{"line":96,"column":7},"end":{"line":102,"column":1}},"line":96}},"f":{"0":12,"1":18}}
,"/Users/kurtisyoung/Repos/react-task-manager/app/routes/home/Home.css.ts": {"path":"/Users/kurtisyoung/Repos/react-task-manager/app/routes/home/Home.css.ts","all":false,"statementMap":{"0":{"start":{"line":1,"column":0},"end":{"line":1,"column":50}},"1":{"start":{"line":2,"column":0},"end":{"line":2,"column":50}},"2":{"start":{"line":3,"column":0},"end":{"line":3,"column":50}},"3":{"start":{"line":4,"column":0},"end":{"line":4,"column":42}},"4":{"start":{"line":5,"column":0},"end":{"line":5,"column":44}},"5":{"start":{"line":6,"column":0},"end":{"line":6,"column":56}}},"s":{"0":1,"1":1,"2":1,"3":1,"4":1,"5":1},"branchMap":{},"b":{},"fnMap":{},"f":{}}
,"/Users/kurtisyoung/Repos/react-task-manager/app/routes/home/index.tsx": {"path":"/Users/kurtisyoung/Repos/react-task-manager/app/routes/home/index.tsx","all":false,"statementMap":{"0":{"start":{"line":1,"column":0},"end":{"line":1,"column":44}},"8":{"start":{"line":9,"column":0},"end":{"line":9,"column":24}},"9":{"start":{"line":10,"column":0},"end":{"line":10,"column":10}},"10":{"start":{"line":11,"column":0},"end":{"line":11,"column":46}},"11":{"start":{"line":12,"column":0},"end":{"line":12,"column":5}},"12":{"start":{"line":13,"column":0},"end":{"line":13,"column":26}},"13":{"start":{"line":14,"column":0},"end":{"line":14,"column":14}},"14":{"start":{"line":15,"column":0},"end":{"line":15,"column":149}},"15":{"start":{"line":16,"column":0},"end":{"line":16,"column":6}},"17":{"start":{"line":18,"column":0},"end":{"line":18,"column":1}},"19":{"start":{"line":20,"column":0},"end":{"line":20,"column":32}},"20":{"start":{"line":21,"column":0},"end":{"line":21,"column":41}},"21":{"start":{"line":22,"column":0},"end":{"line":22,"column":47}},"22":{"start":{"line":23,"column":0},"end":{"line":23,"column":41}},"23":{"start":{"line":24,"column":0},"end":{"line":24,"column":52}},"24":{"start":{"line":25,"column":0},"end":{"line":25,"column":47}},"25":{"start":{"line":26,"column":0},"end":{"line":26,"column":33}},"27":{"start":{"line":28,"column":0},"end":{"line":28,"column":19}},"28":{"start":{"line":29,"column":0},"end":{"line":29,"column":26}},"29":{"start":{"line":30,"column":0},"end":{"line":30,"column":44}},"30":{"start":{"line":31,"column":0},"end":{"line":31,"column":5}},"31":{"start":{"line":32,"column":0},"end":{"line":32,"column":34}},"33":{"start":{"line":34,"column":0},"end":{"line":34,"column":54}},"34":{"start":{"line":35,"column":0},"end":{"line":35,"column":23}},"35":{"start":{"line":36,"column":0},"end":{"line":36,"column":17}},"36":{"start":{"line":37,"column":0},"end":{"line":37,"column":23}},"38":{"start":{"line":39,"column":0},"end":{"line":39,"column":9}},"39":{"start":{"line":40,"column":0},"end":{"line":40,"column":35}},"40":{"start":{"line":41,"column":0},"end":{"line":41,"column":44}},"41":{"start":{"line":42,"column":0},"end":{"line":42,"column":19}},"42":{"start":{"line":43,"column":0},"end":{"line":43,"column":57}},"43":{"start":{"line":44,"column":0},"end":{"line":44,"column":15}},"44":{"start":{"line":45,"column":0},"end":{"line":45,"column":26}},"45":{"start":{"line":46,"column":0},"end":{"line":46,"column":5}},"46":{"start":{"line":47,"column":0},"end":{"line":47,"column":4}},"48":{"start":{"line":49,"column":0},"end":{"line":49,"column":10}},"49":{"start":{"line":50,"column":0},"end":{"line":50,"column":10}},"50":{"start":{"line":51,"column":0},"end":{"line":51,"column":16}},"51":{"start":{"line":52,"column":0},"end":{"line":52,"column":61}},"54":{"start":{"line":55,"column":0},"end":{"line":55,"column":10}},"56":{"start":{"line":57,"column":0},"end":{"line":57,"column":65}},"57":{"start":{"line":58,"column":0},"end":{"line":58,"column":73}},"58":{"start":{"line":59,"column":0},"end":{"line":59,"column":42}},"59":{"start":{"line":60,"column":0},"end":{"line":60,"column":21}},"60":{"start":{"line":61,"column":0},"end":{"line":61,"column":24}},"61":{"start":{"line":62,"column":0},"end":{"line":62,"column":31}},"62":{"start":{"line":63,"column":0},"end":{"line":63,"column":25}},"63":{"start":{"line":64,"column":0},"end":{"line":64,"column":54}},"64":{"start":{"line":65,"column":0},"end":{"line":65,"column":20}},"65":{"start":{"line":66,"column":0},"end":{"line":66,"column":22}},"67":{"start":{"line":68,"column":0},"end":{"line":68,"column":21}},"68":{"start":{"line":69,"column":0},"end":{"line":69,"column":27}},"69":{"start":{"line":70,"column":0},"end":{"line":70,"column":34}},"70":{"start":{"line":71,"column":0},"end":{"line":71,"column":28}},"71":{"start":{"line":72,"column":0},"end":{"line":72,"column":57}},"72":{"start":{"line":73,"column":0},"end":{"line":73,"column":20}},"73":{"start":{"line":74,"column":0},"end":{"line":74,"column":25}},"75":{"start":{"line":76,"column":0},"end":{"line":76,"column":14}},"77":{"start":{"line":78,"column":0},"end":{"line":78,"column":69}},"79":{"start":{"line":80,"column":0},"end":{"line":80,"column":68}},"80":{"start":{"line":81,"column":0},"end":{"line":81,"column":50}},"81":{"start":{"line":82,"column":0},"end":{"line":82,"column":17}},"82":{"start":{"line":83,"column":0},"end":{"line":83,"column":13}},"83":{"start":{"line":84,"column":0},"end":{"line":84,"column":11}},"85":{"start":{"line":86,"column":0},"end":{"line":86,"column":1}}},"s":{"0":1,"8":1,"9":1,"10":1,"11":1,"12":1,"13":1,"14":1,"15":1,"17":1,"19":12,"20":12,"21":12,"22":12,"23":12,"24":12,"25":12,"27":12,"28":4,"29":1,"30":1,"31":12,"33":12,"34":2,"35":2,"36":2,"38":2,"39":2,"40":1,"41":1,"42":1,"43":2,"44":2,"45":2,"46":2,"48":12,"49":12,"50":12,"51":12,"54":12,"56":12,"57":12,"58":12,"59":12,"60":12,"61":12,"62":12,"63":12,"64":12,"65":12,"67":12,"68":12,"69":12,"70":12,"71":12,"72":12,"73":12,"75":12,"77":12,"79":12,"80":12,"81":12,"82":12,"83":12,"85":12},"branchMap":{"0":{"type":"branch","line":9,"loc":{"start":{"line":9,"column":7},"end":{"line":18,"column":1}},"locations":[{"start":{"line":9,"column":7},"end":{"line":18,"column":1}}]},"1":{"type":"branch","line":20,"loc":{"start":{"line":20,"column":0},"end":{"line":86,"column":1}},"locations":[{"start":{"line":20,"column":0},"end":{"line":86,"column":1}}]},"2":{"type":"branch","line":78,"loc":{"start":{"line":78,"column":9},"end":{"line":78,"column":69}},"locations":[{"start":{"line":78,"column":9},"end":{"line":78,"column":69}}]},"3":{"type":"branch","line":81,"loc":{"start":{"line":81,"column":11},"end":{"line":81,"column":41}},"locations":[{"start":{"line":81,"column":11},"end":{"line":81,"column":41}}]},"4":{"type":"branch","line":81,"loc":{"start":{"line":81,"column":23},"end":{"line":81,"column":50}},"locations":[{"start":{"line":81,"column":23},"end":{"line":81,"column":50}}]},"5":{"type":"branch","line":28,"loc":{"start":{"line":28,"column":12},"end":{"line":32,"column":5}},"locations":[{"start":{"line":28,"column":12},"end":{"line":32,"column":5}}]},"6":{"type":"branch","line":29,"loc":{"start":{"line":29,"column":25},"end":{"line":31,"column":5}},"locations":[{"start":{"line":29,"column":25},"end":{"line":31,"column":5}}]},"7":{"type":"branch","line":34,"loc":{"start":{"line":34,"column":23},"end":{"line":47,"column":4}},"locations":[{"start":{"line":34,"column":23},"end":{"line":47,"column":4}}]},"8":{"type":"branch","line":40,"loc":{"start":{"line":40,"column":33},"end":{"line":44,"column":5}},"locations":[{"start":{"line":40,"column":33},"end":{"line":44,"column":5}}]},"9":{"type":"branch","line":64,"loc":{"start":{"line":64,"column":22},"end":{"line":64,"column":54}},"locations":[{"start":{"line":64,"column":22},"end":{"line":64,"column":54}}]},"10":{"type":"branch","line":72,"loc":{"start":{"line":72,"column":22},"end":{"line":72,"column":57}},"locations":[{"start":{"line":72,"column":22},"end":{"line":72,"column":57}}]}},"b":{"0":[1],"1":[12],"2":[1],"3":[2],"4":[10],"5":[4],"6":[1],"7":[2],"8":[1],"9":[2],"10":[2]},"fnMap":{"0":{"name":"meta","decl":{"start":{"line":9,"column":7},"end":{"line":18,"column":1}},"loc":{"start":{"line":9,"column":7},"end":{"line":18,"column":1}},"line":9},"1":{"name":"Home","decl":{"start":{"line":20,"column":0},"end":{"line":86,"column":1}},"loc":{"start":{"line":20,"column":0},"end":{"line":86,"column":1}},"line":20},"2":{"name":"handleSubmit","decl":{"start":{"line":34,"column":23},"end":{"line":47,"column":4}},"loc":{"start":{"line":34,"column":23},"end":{"line":47,"column":4}},"line":34},"3":{"name":"onChange","decl":{"start":{"line":64,"column":22},"end":{"line":64,"column":54}},"loc":{"start":{"line":64,"column":22},"end":{"line":64,"column":54}},"line":64},"4":{"name":"onChange","decl":{"start":{"line":72,"column":22},"end":{"line":72,"column":57}},"loc":{"start":{"line":72,"column":22},"end":{"line":72,"column":57}},"line":72}},"f":{"0":1,"1":12,"2":2,"3":2,"4":2}}
,"/Users/kurtisyoung/Repos/react-task-manager/app/routes/tasks/Tasks.css.ts": {"path":"/Users/kurtisyoung/Repos/react-task-manager/app/routes/tasks/Tasks.css.ts","all":false,"statementMap":{"0":{"start":{"line":1,"column":0},"end":{"line":1,"column":52}},"1":{"start":{"line":2,"column":0},"end":{"line":2,"column":41}},"2":{"start":{"line":3,"column":0},"end":{"line":3,"column":63}},"3":{"start":{"line":4,"column":0},"end":{"line":4,"column":49}},"4":{"start":{"line":5,"column":0},"end":{"line":5,"column":57}}},"s":{"0":1,"1":1,"2":1,"3":1,"4":1},"branchMap":{},"b":{},"fnMap":{},"f":{}}
,"/Users/kurtisyoung/Repos/react-task-manager/app/routes/tasks/index.tsx": {"path":"/Users/kurtisyoung/Repos/react-task-manager/app/routes/tasks/index.tsx","all":false,"statementMap":{"0":{"start":{"line":1,"column":0},"end":{"line":1,"column":44}},"10":{"start":{"line":11,"column":0},"end":{"line":11,"column":24}},"11":{"start":{"line":12,"column":0},"end":{"line":12,"column":10}},"12":{"start":{"line":13,"column":0},"end":{"line":13,"column":44}},"13":{"start":{"line":14,"column":0},"end":{"line":14,"column":5}},"14":{"start":{"line":15,"column":0},"end":{"line":15,"column":26}},"15":{"start":{"line":16,"column":0},"end":{"line":16,"column":14}},"16":{"start":{"line":17,"column":0},"end":{"line":17,"column":134}},"17":{"start":{"line":18,"column":0},"end":{"line":18,"column":6}},"19":{"start":{"line":20,"column":0},"end":{"line":20,"column":1}},"21":{"start":{"line":22,"column":0},"end":{"line":22,"column":33}},"22":{"start":{"line":23,"column":0},"end":{"line":23,"column":41}},"23":{"start":{"line":24,"column":0},"end":{"line":24,"column":45}},"24":{"start":{"line":25,"column":0},"end":{"line":25,"column":79}},"25":{"start":{"line":26,"column":0},"end":{"line":26,"column":52}},"26":{"start":{"line":27,"column":0},"end":{"line":27,"column":58}},"27":{"start":{"line":28,"column":0},"end":{"line":28,"column":70}},"28":{"start":{"line":29,"column":0},"end":{"line":29,"column":33}},"29":{"start":{"line":30,"column":0},"end":{"line":30,"column":40}},"31":{"start":{"line":32,"column":0},"end":{"line":32,"column":19}},"32":{"start":{"line":33,"column":0},"end":{"line":33,"column":27}},"33":{"start":{"line":34,"column":0},"end":{"line":34,"column":39}},"34":{"start":{"line":35,"column":0},"end":{"line":35,"column":5}},"35":{"start":{"line":36,"column":0},"end":{"line":36,"column":34}},"37":{"start":{"line":38,"column":0},"end":{"line":38,"column":54}},"38":{"start":{"line":39,"column":0},"end":{"line":39,"column":23}},"39":{"start":{"line":40,"column":0},"end":{"line":40,"column":29}},"40":{"start":{"line":41,"column":0},"end":{"line":41,"column":53}},"41":{"start":{"line":42,"column":0},"end":{"line":42,"column":13}},"42":{"start":{"line":43,"column":0},"end":{"line":43,"column":5}},"43":{"start":{"line":44,"column":0},"end":{"line":44,"column":9}},"44":{"start":{"line":45,"column":0},"end":{"line":45,"column":21}},"45":{"start":{"line":46,"column":0},"end":{"line":46,"column":25}},"46":{"start":{"line":47,"column":0},"end":{"line":47,"column":36}},"47":{"start":{"line":48,"column":0},"end":{"line":48,"column":19}},"48":{"start":{"line":49,"column":0},"end":{"line":49,"column":21}},"49":{"start":{"line":50,"column":0},"end":{"line":50,"column":19}},"50":{"start":{"line":51,"column":0},"end":{"line":51,"column":56}},"51":{"start":{"line":52,"column":0},"end":{"line":52,"column":15}},"52":{"start":{"line":53,"column":0},"end":{"line":53,"column":26}},"53":{"start":{"line":54,"column":0},"end":{"line":54,"column":5}},"54":{"start":{"line":55,"column":0},"end":{"line":55,"column":4}},"56":{"start":{"line":57,"column":0},"end":{"line":57,"column":44}},"58":{"start":{"line":59,"column":0},"end":{"line":59,"column":10}},"59":{"start":{"line":60,"column":0},"end":{"line":60,"column":10}},"60":{"start":{"line":61,"column":0},"end":{"line":61,"column":16}},"61":{"start":{"line":62,"column":0},"end":{"line":62,"column":41}},"62":{"start":{"line":63,"column":0},"end":{"line":63,"column":13}},"63":{"start":{"line":64,"column":0},"end":{"line":64,"column":33}},"64":{"start":{"line":65,"column":0},"end":{"line":65,"column":33}},"65":{"start":{"line":66,"column":0},"end":{"line":66,"column":36}},"67":{"start":{"line":68,"column":0},"end":{"line":68,"column":21}},"68":{"start":{"line":69,"column":0},"end":{"line":69,"column":22}},"69":{"start":{"line":70,"column":0},"end":{"line":70,"column":23}},"70":{"start":{"line":71,"column":0},"end":{"line":71,"column":36}},"71":{"start":{"line":72,"column":0},"end":{"line":72,"column":25}},"72":{"start":{"line":73,"column":0},"end":{"line":73,"column":54}},"73":{"start":{"line":74,"column":0},"end":{"line":74,"column":30}},"74":{"start":{"line":75,"column":0},"end":{"line":75,"column":20}},"76":{"start":{"line":77,"column":0},"end":{"line":77,"column":21}},"77":{"start":{"line":78,"column":0},"end":{"line":78,"column":24}},"78":{"start":{"line":79,"column":0},"end":{"line":79,"column":23}},"79":{"start":{"line":80,"column":0},"end":{"line":80,"column":34}},"80":{"start":{"line":81,"column":0},"end":{"line":81,"column":27}},"81":{"start":{"line":82,"column":0},"end":{"line":82,"column":56}},"82":{"start":{"line":83,"column":0},"end":{"line":83,"column":28}},"83":{"start":{"line":84,"column":0},"end":{"line":84,"column":20}},"85":{"start":{"line":86,"column":0},"end":{"line":86,"column":17}},"86":{"start":{"line":87,"column":0},"end":{"line":87,"column":25}},"87":{"start":{"line":88,"column":0},"end":{"line":88,"column":28}},"88":{"start":{"line":89,"column":0},"end":{"line":89,"column":32}},"89":{"start":{"line":90,"column":0},"end":{"line":90,"column":33}},"91":{"start":{"line":92,"column":0},"end":{"line":92,"column":50}},"92":{"start":{"line":93,"column":0},"end":{"line":93,"column":19}},"93":{"start":{"line":94,"column":0},"end":{"line":94,"column":15}},"94":{"start":{"line":95,"column":0},"end":{"line":95,"column":19}},"95":{"start":{"line":96,"column":0},"end":{"line":96,"column":60}},"96":{"start":{"line":97,"column":0},"end":{"line":97,"column":19}},"97":{"start":{"line":98,"column":0},"end":{"line":98,"column":16}},"99":{"start":{"line":100,"column":0},"end":{"line":100,"column":16}},"101":{"start":{"line":102,"column":0},"end":{"line":102,"column":41}},"102":{"start":{"line":103,"column":0},"end":{"line":103,"column":12}},"103":{"start":{"line":104,"column":0},"end":{"line":104,"column":44}},"104":{"start":{"line":105,"column":0},"end":{"line":105,"column":24}},"105":{"start":{"line":106,"column":0},"end":{"line":106,"column":42}},"107":{"start":{"line":108,"column":0},"end":{"line":108,"column":17}},"108":{"start":{"line":109,"column":0},"end":{"line":109,"column":42}},"109":{"start":{"line":110,"column":0},"end":{"line":110,"column":44}},"110":{"start":{"line":111,"column":0},"end":{"line":111,"column":43}},"113":{"start":{"line":114,"column":0},"end":{"line":114,"column":19}},"114":{"start":{"line":115,"column":0},"end":{"line":115,"column":17}},"115":{"start":{"line":116,"column":0},"end":{"line":116,"column":46}},"116":{"start":{"line":117,"column":0},"end":{"line":117,"column":48}},"117":{"start":{"line":118,"column":0},"end":{"line":118,"column":47}},"120":{"start":{"line":121,"column":0},"end":{"line":121,"column":19}},"121":{"start":{"line":122,"column":0},"end":{"line":122,"column":17}},"122":{"start":{"line":123,"column":0},"end":{"line":123,"column":48}},"123":{"start":{"line":124,"column":0},"end":{"line":124,"column":50}},"124":{"start":{"line":125,"column":0},"end":{"line":125,"column":49}},"127":{"start":{"line":128,"column":0},"end":{"line":128,"column":19}},"128":{"start":{"line":129,"column":0},"end":{"line":129,"column":14}},"129":{"start":{"line":130,"column":0},"end":{"line":130,"column":16}},"131":{"start":{"line":132,"column":0},"end":{"line":132,"column":38}},"132":{"start":{"line":133,"column":0},"end":{"line":133,"column":12}},"133":{"start":{"line":134,"column":0},"end":{"line":134,"column":37}},"134":{"start":{"line":135,"column":0},"end":{"line":135,"column":21}},"135":{"start":{"line":136,"column":0},"end":{"line":136,"column":40}},"137":{"start":{"line":138,"column":0},"end":{"line":138,"column":41}},"138":{"start":{"line":139,"column":0},"end":{"line":139,"column":48}},"140":{"start":{"line":141,"column":0},"end":{"line":141,"column":41}},"141":{"start":{"line":142,"column":0},"end":{"line":142,"column":23}},"142":{"start":{"line":143,"column":0},"end":{"line":143,"column":29}},"143":{"start":{"line":144,"column":0},"end":{"line":144,"column":27}},"144":{"start":{"line":145,"column":0},"end":{"line":145,"column":39}},"145":{"start":{"line":146,"column":0},"end":{"line":146,"column":39}},"147":{"start":{"line":148,"column":0},"end":{"line":148,"column":14}},"149":{"start":{"line":150,"column":0},"end":{"line":150,"column":14}},"150":{"start":{"line":151,"column":0},"end":{"line":151,"column":16}},"151":{"start":{"line":152,"column":0},"end":{"line":152,"column":11}},"153":{"start":{"line":154,"column":0},"end":{"line":154,"column":1}}},"s":{"0":1,"10":1,"11":0,"12":0,"13":0,"14":0,"15":0,"16":0,"17":0,"19":0,"21":24,"22":24,"23":24,"24":24,"25":24,"26":24,"27":24,"28":24,"29":24,"31":24,"32":9,"33":1,"34":1,"35":24,"37":24,"38":3,"39":3,"40":0,"41":0,"42":0,"43":3,"44":3,"45":3,"46":3,"47":2,"48":2,"49":3,"50":1,"51":3,"52":3,"53":3,"54":3,"56":24,"58":24,"59":24,"60":24,"61":24,"62":24,"63":24,"64":24,"65":24,"67":24,"68":24,"69":24,"70":24,"71":24,"72":24,"73":24,"74":24,"76":24,"77":24,"78":24,"79":24,"80":24,"81":24,"82":24,"83":24,"85":24,"86":24,"87":24,"88":24,"89":24,"91":24,"92":24,"93":24,"94":24,"95":1,"96":1,"97":1,"99":24,"101":24,"102":24,"103":24,"104":24,"105":24,"107":24,"108":24,"109":24,"110":24,"113":24,"114":24,"115":24,"116":24,"117":24,"120":24,"121":24,"122":24,"123":24,"124":24,"127":24,"128":24,"129":24,"131":24,"132":24,"133":24,"134":24,"135":24,"137":24,"138":1,"140":23,"141":46,"142":46,"143":46,"144":46,"145":46,"147":23,"149":24,"150":24,"151":24,"153":24},"branchMap":{"0":{"type":"branch","line":22,"loc":{"start":{"line":22,"column":0},"end":{"line":154,"column":1}},"locations":[{"start":{"line":22,"column":0},"end":{"line":154,"column":1}}]},"1":{"type":"branch","line":92,"loc":{"start":{"line":92,"column":13},"end":{"line":92,"column":39}},"locations":[{"start":{"line":92,"column":13},"end":{"line":92,"column":39}}]},"2":{"type":"branch","line":92,"loc":{"start":{"line":92,"column":25},"end":{"line":92,"column":50}},"locations":[{"start":{"line":92,"column":25},"end":{"line":92,"column":50}}]},"3":{"type":"branch","line":95,"loc":{"start":{"line":95,"column":9},"end":{"line":98,"column":16}},"locations":[{"start":{"line":95,"column":9},"end":{"line":98,"column":16}}]},"4":{"type":"branch","line":138,"loc":{"start":{"line":138,"column":36},"end":{"line":139,"column":48}},"locations":[{"start":{"line":138,"column":36},"end":{"line":139,"column":48}}]},"5":{"type":"branch","line":139,"loc":{"start":{"line":139,"column":44},"end":{"line":148,"column":14}},"locations":[{"start":{"line":139,"column":44},"end":{"line":148,"column":14}}]},"6":{"type":"branch","line":32,"loc":{"start":{"line":32,"column":12},"end":{"line":36,"column":5}},"locations":[{"start":{"line":32,"column":12},"end":{"line":36,"column":5}}]},"7":{"type":"branch","line":33,"loc":{"start":{"line":33,"column":26},"end":{"line":35,"column":5}},"locations":[{"start":{"line":33,"column":26},"end":{"line":35,"column":5}}]},"8":{"type":"branch","line":38,"loc":{"start":{"line":38,"column":23},"end":{"line":55,"column":4}},"locations":[{"start":{"line":38,"column":23},"end":{"line":55,"column":4}}]},"9":{"type":"branch","line":40,"loc":{"start":{"line":40,"column":28},"end":{"line":43,"column":5}},"locations":[{"start":{"line":40,"column":28},"end":{"line":43,"column":5}}]},"10":{"type":"branch","line":47,"loc":{"start":{"line":47,"column":34},"end":{"line":50,"column":13}},"locations":[{"start":{"line":47,"column":34},"end":{"line":50,"column":13}}]},"11":{"type":"branch","line":50,"loc":{"start":{"line":50,"column":4},"end":{"line":52,"column":5}},"locations":[{"start":{"line":50,"column":4},"end":{"line":52,"column":5}}]},"12":{"type":"branch","line":73,"loc":{"start":{"line":73,"column":22},"end":{"line":73,"column":54}},"locations":[{"start":{"line":73,"column":22},"end":{"line":73,"column":54}}]},"13":{"type":"branch","line":82,"loc":{"start":{"line":82,"column":22},"end":{"line":82,"column":56}},"locations":[{"start":{"line":82,"column":22},"end":{"line":82,"column":56}}]},"14":{"type":"branch","line":110,"loc":{"start":{"line":110,"column":21},"end":{"line":110,"column":44}},"locations":[{"start":{"line":110,"column":21},"end":{"line":110,"column":44}}]},"15":{"type":"branch","line":117,"loc":{"start":{"line":117,"column":21},"end":{"line":117,"column":48}},"locations":[{"start":{"line":117,"column":21},"end":{"line":117,"column":48}}]},"16":{"type":"branch","line":124,"loc":{"start":{"line":124,"column":21},"end":{"line":124,"column":50}},"locations":[{"start":{"line":124,"column":21},"end":{"line":124,"column":50}}]},"17":{"type":"branch","line":141,"loc":{"start":{"line":141,"column":30},"end":{"line":146,"column":39}},"locations":[{"start":{"line":141,"column":30},"end":{"line":146,"column":39}}]}},"b":{"0":[24],"1":[3],"2":[21],"3":[1],"4":[1],"5":[23],"6":[9],"7":[1],"8":[3],"9":[0],"10":[2],"11":[1],"12":[3],"13":[3],"14":[1],"15":[1],"16":[1],"17":[46]},"fnMap":{"0":{"name":"meta","decl":{"start":{"line":11,"column":7},"end":{"line":20,"column":1}},"loc":{"start":{"line":11,"column":7},"end":{"line":20,"column":1}},"line":11},"1":{"name":"Tasks","decl":{"start":{"line":22,"column":0},"end":{"line":154,"column":1}},"loc":{"start":{"line":22,"column":0},"end":{"line":154,"column":1}},"line":22},"2":{"name":"handleSubmit","decl":{"start":{"line":38,"column":23},"end":{"line":55,"column":4}},"loc":{"start":{"line":38,"column":23},"end":{"line":55,"column":4}},"line":38},"3":{"name":"onChange","decl":{"start":{"line":73,"column":22},"end":{"line":73,"column":54}},"loc":{"start":{"line":73,"column":22},"end":{"line":73,"column":54}},"line":73},"4":{"name":"onChange","decl":{"start":{"line":82,"column":22},"end":{"line":82,"column":56}},"loc":{"start":{"line":82,"column":22},"end":{"line":82,"column":56}},"line":82},"5":{"name":"onClick","decl":{"start":{"line":110,"column":21},"end":{"line":110,"column":44}},"loc":{"start":{"line":110,"column":21},"end":{"line":110,"column":44}},"line":110},"6":{"name":"onClick","decl":{"start":{"line":117,"column":21},"end":{"line":117,"column":48}},"loc":{"start":{"line":117,"column":21},"end":{"line":117,"column":48}},"line":117},"7":{"name":"onClick","decl":{"start":{"line":124,"column":21},"end":{"line":124,"column":50}},"loc":{"start":{"line":124,"column":21},"end":{"line":124,"column":50}},"line":124}},"f":{"0":0,"1":24,"2":3,"3":3,"4":3,"5":1,"6":1,"7":1}}
,"/Users/kurtisyoung/Repos/react-task-manager/app/utils/simulateApiCall.ts": {"path":"/Users/kurtisyoung/Repos/react-task-manager/app/utils/simulateApiCall.ts","all":false,"statementMap":{"0":{"start":{"line":1,"column":0},"end":{"line":1,"column":24}},"1":{"start":{"line":2,"column":0},"end":{"line":2,"column":74}},"3":{"start":{"line":4,"column":0},"end":{"line":4,"column":64}},"4":{"start":{"line":5,"column":0},"end":{"line":5,"column":25}},"5":{"start":{"line":6,"column":0},"end":{"line":6,"column":50}},"6":{"start":{"line":7,"column":0},"end":{"line":7,"column":26}},"7":{"start":{"line":8,"column":0},"end":{"line":8,"column":16}},"8":{"start":{"line":9,"column":0},"end":{"line":9,"column":73}},"9":{"start":{"line":10,"column":0},"end":{"line":10,"column":7}},"10":{"start":{"line":11,"column":0},"end":{"line":11,"column":6}},"11":{"start":{"line":12,"column":0},"end":{"line":12,"column":3}},"12":{"start":{"line":13,"column":0},"end":{"line":13,"column":24}},"13":{"start":{"line":14,"column":0},"end":{"line":14,"column":35}},"14":{"start":{"line":15,"column":0},"end":{"line":15,"column":22}},"15":{"start":{"line":16,"column":0},"end":{"line":16,"column":51}},"16":{"start":{"line":17,"column":0},"end":{"line":17,"column":12}},"17":{"start":{"line":18,"column":0},"end":{"line":18,"column":5}},"18":{"start":{"line":19,"column":0},"end":{"line":19,"column":2}},"21":{"start":{"line":22,"column":0},"end":{"line":22,"column":43}},"22":{"start":{"line":23,"column":0},"end":{"line":23,"column":22}},"23":{"start":{"line":24,"column":0},"end":{"line":24,"column":2}}},"s":{"0":1,"1":1,"3":1,"4":15,"5":15,"6":2,"7":2,"8":2,"9":2,"10":2,"11":2,"12":13,"13":13,"14":13,"15":13,"16":13,"17":13,"18":13,"21":1,"22":6,"23":6},"branchMap":{"0":{"type":"branch","line":4,"loc":{"start":{"line":4,"column":31},"end":{"line":19,"column":2}},"locations":[{"start":{"line":4,"column":31},"end":{"line":19,"column":2}}]},"1":{"type":"branch","line":6,"loc":{"start":{"line":6,"column":49},"end":{"line":12,"column":3}},"locations":[{"start":{"line":6,"column":49},"end":{"line":12,"column":3}}]},"2":{"type":"branch","line":12,"loc":{"start":{"line":12,"column":2},"end":{"line":19,"column":2}},"locations":[{"start":{"line":12,"column":2},"end":{"line":19,"column":2}}]},"3":{"type":"branch","line":14,"loc":{"start":{"line":14,"column":22},"end":{"line":18,"column":3}},"locations":[{"start":{"line":14,"column":22},"end":{"line":18,"column":3}}]},"4":{"type":"branch","line":15,"loc":{"start":{"line":15,"column":15},"end":{"line":17,"column":7}},"locations":[{"start":{"line":15,"column":15},"end":{"line":17,"column":7}}]},"5":{"type":"branch","line":22,"loc":{"start":{"line":22,"column":36},"end":{"line":24,"column":2}},"locations":[{"start":{"line":22,"column":36},"end":{"line":24,"column":2}}]}},"b":{"0":[15],"1":[2],"2":[13],"3":[13],"4":[13],"5":[6]},"fnMap":{"0":{"name":"simulateApiCall","decl":{"start":{"line":4,"column":31},"end":{"line":19,"column":2}},"loc":{"start":{"line":4,"column":31},"end":{"line":19,"column":2}},"line":4},"1":{"name":"resetLastApiCallTime","decl":{"start":{"line":22,"column":36},"end":{"line":24,"column":2}},"loc":{"start":{"line":22,"column":36},"end":{"line":24,"column":2}},"line":22}},"f":{"0":15,"1":6}}
}
